[0.252s] DEBUG:colcon:Command line arguments: ['/usr/bin/colcon', 'build']
[0.252s] DEBUG:colcon:Parsed command line arguments: Namespace(ament_cmake_args=None, base_paths=['.'], build_base='build', catkin_cmake_args=None, catkin_skip_building_tests=False, cmake_args=None, cmake_clean_cache=False, cmake_clean_first=False, cmake_force_configure=False, cmake_target=None, cmake_target_skip_unavailable=False, continue_on_error=False, event_handlers=None, executor='parallel', ignore_user_meta=False, install_base='install', log_base=None, log_level=None, main=<bound method BuildVerb.main of <colcon_core.verb.build.BuildVerb object at 0x7f0f6be763d0>>, merge_install=False, metas=['./colcon.meta'], packages_above=None, packages_above_and_dependencies=None, packages_above_depth=None, packages_end=None, packages_ignore=None, packages_ignore_regex=None, packages_select=None, packages_select_build_failed=False, packages_select_by_dep=None, packages_select_regex=None, packages_select_test_failures=False, packages_skip=None, packages_skip_build_finished=False, packages_skip_by_dep=None, packages_skip_regex=None, packages_skip_test_passed=False, packages_skip_up_to=None, packages_start=None, packages_up_to=None, packages_up_to_regex=None, parallel_workers=12, paths=None, symlink_install=False, test_result_base=None, verb_extension=<colcon_core.verb.build.BuildVerb object at 0x7f0f6be763d0>, verb_name='build', verb_parser=<colcon_defaults.argument_parser.defaults.DefaultArgumentsDecorator object at 0x7f0f6be76910>)
[0.257s] Level 1:colcon.colcon_core.package_discovery:discover_packages(colcon_meta) check parameters
[0.257s] Level 1:colcon.colcon_core.package_discovery:discover_packages(recursive) check parameters
[0.257s] Level 1:colcon.colcon_core.package_discovery:discover_packages(ignore) check parameters
[0.258s] Level 1:colcon.colcon_core.package_discovery:discover_packages(path) check parameters
[0.258s] Level 1:colcon.colcon_core.package_discovery:discover_packages(colcon_meta) discover
[0.258s] Level 1:colcon.colcon_core.package_discovery:discover_packages(recursive) discover
[0.258s] INFO:colcon.colcon_core.package_discovery:Crawling recursively for packages in '/home/henry/training_ws/src/software-training/obstacle_detector'
[0.258s] Level 1:colcon.colcon_core.package_identification:_identify(.) by extensions ['ignore', 'ignore_ament_install']
[0.258s] Level 1:colcon.colcon_core.package_identification:_identify(.) by extension 'ignore'
[0.258s] Level 1:colcon.colcon_core.package_identification:_identify(.) by extension 'ignore_ament_install'
[0.258s] Level 1:colcon.colcon_core.package_identification:_identify(.) by extensions ['colcon_pkg']
[0.258s] Level 1:colcon.colcon_core.package_identification:_identify(.) by extension 'colcon_pkg'
[0.258s] Level 1:colcon.colcon_core.package_identification:_identify(.) by extensions ['colcon_meta']
[0.258s] Level 1:colcon.colcon_core.package_identification:_identify(.) by extension 'colcon_meta'
[0.258s] Level 1:colcon.colcon_core.package_identification:_identify(.) by extensions ['ros']
[0.258s] Level 1:colcon.colcon_core.package_identification:_identify(.) by extension 'ros'
[0.271s] DEBUG:colcon.colcon_core.package_identification:Package '.' with type 'ros.ament_cmake' and name 'obstacle_detector'
[0.271s] Level 1:colcon.colcon_core.package_discovery:discover_packages(recursive) using defaults
[0.271s] Level 1:colcon.colcon_core.package_discovery:discover_packages(ignore) discover
[0.271s] Level 1:colcon.colcon_core.package_discovery:discover_packages(ignore) using defaults
[0.271s] Level 1:colcon.colcon_core.package_discovery:discover_packages(path) discover
[0.271s] Level 1:colcon.colcon_core.package_discovery:discover_packages(path) using defaults
[0.287s] Level 5:colcon.colcon_core.verb:set package 'obstacle_detector' build argument 'cmake_args' from command line to 'None'
[0.287s] Level 5:colcon.colcon_core.verb:set package 'obstacle_detector' build argument 'cmake_target' from command line to 'None'
[0.287s] Level 5:colcon.colcon_core.verb:set package 'obstacle_detector' build argument 'cmake_target_skip_unavailable' from command line to 'False'
[0.287s] Level 5:colcon.colcon_core.verb:set package 'obstacle_detector' build argument 'cmake_clean_cache' from command line to 'False'
[0.287s] Level 5:colcon.colcon_core.verb:set package 'obstacle_detector' build argument 'cmake_clean_first' from command line to 'False'
[0.288s] Level 5:colcon.colcon_core.verb:set package 'obstacle_detector' build argument 'cmake_force_configure' from command line to 'False'
[0.288s] Level 5:colcon.colcon_core.verb:set package 'obstacle_detector' build argument 'ament_cmake_args' from command line to 'None'
[0.288s] Level 5:colcon.colcon_core.verb:set package 'obstacle_detector' build argument 'catkin_cmake_args' from command line to 'None'
[0.288s] Level 5:colcon.colcon_core.verb:set package 'obstacle_detector' build argument 'catkin_skip_building_tests' from command line to 'False'
[0.288s] DEBUG:colcon.colcon_core.verb:Building package 'obstacle_detector' with the following arguments: {'ament_cmake_args': None, 'build_base': '/home/henry/training_ws/src/software-training/obstacle_detector/build/obstacle_detector', 'catkin_cmake_args': None, 'catkin_skip_building_tests': False, 'cmake_args': None, 'cmake_clean_cache': False, 'cmake_clean_first': False, 'cmake_force_configure': False, 'cmake_target': None, 'cmake_target_skip_unavailable': False, 'install_base': '/home/henry/training_ws/src/software-training/obstacle_detector/install/obstacle_detector', 'merge_install': False, 'path': '/home/henry/training_ws/src/software-training/obstacle_detector', 'symlink_install': False, 'test_result_base': None}
[0.288s] INFO:colcon.colcon_core.executor:Executing jobs using 'parallel' executor
[0.290s] DEBUG:colcon.colcon_parallel_executor.executor.parallel:run_until_complete
[0.290s] INFO:colcon.colcon_ros.task.ament_cmake.build:Building ROS package in '/home/henry/training_ws/src/software-training/obstacle_detector' with build type 'ament_cmake'
[0.290s] INFO:colcon.colcon_cmake.task.cmake.build:Building CMake package in '/home/henry/training_ws/src/software-training/obstacle_detector'
[0.294s] INFO:colcon.colcon_core.plugin_system:Skipping extension 'colcon_core.shell.bat': Not used on non-Windows systems
[0.294s] INFO:colcon.colcon_core.shell:Skip shell extension 'powershell' for command environment: Not usable outside of PowerShell
[0.294s] DEBUG:colcon.colcon_core.shell:Skip shell extension 'dsv' for command environment
[0.297s] DEBUG:colcon.colcon_core.shell:Ignoring prefix path '/opt/ros/foxy'
[0.306s] DEBUG:colcon.colcon_core.event_handler.log_command:Invoking command in '/home/henry/training_ws/src/software-training/obstacle_detector/build/obstacle_detector': CMAKE_PREFIX_PATH=${CMAKE_PREFIX_PATH}:/opt/ros/foxy /usr/bin/cmake --build /home/henry/training_ws/src/software-training/obstacle_detector/build/obstacle_detector -- -j12 -l12
[0.388s] DEBUG:colcon.colcon_core.event_handler.log_command:Invoked command in '/home/henry/training_ws/src/software-training/obstacle_detector/build/obstacle_detector' returned '0': CMAKE_PREFIX_PATH=${CMAKE_PREFIX_PATH}:/opt/ros/foxy /usr/bin/cmake --build /home/henry/training_ws/src/software-training/obstacle_detector/build/obstacle_detector -- -j12 -l12
[0.424s] DEBUG:colcon.colcon_core.event_handler.log_command:Invoking command in '/home/henry/training_ws/src/software-training/obstacle_detector/build/obstacle_detector': CMAKE_PREFIX_PATH=${CMAKE_PREFIX_PATH}:/opt/ros/foxy /usr/bin/cmake --install /home/henry/training_ws/src/software-training/obstacle_detector/build/obstacle_detector
[0.436s] Level 1:colcon.colcon_core.environment:create_environment_scripts_only(obstacle_detector)
[0.437s] DEBUG:colcon.colcon_core.event_handler.log_command:Invoked command in '/home/henry/training_ws/src/software-training/obstacle_detector/build/obstacle_detector' returned '0': CMAKE_PREFIX_PATH=${CMAKE_PREFIX_PATH}:/opt/ros/foxy /usr/bin/cmake --install /home/henry/training_ws/src/software-training/obstacle_detector/build/obstacle_detector
[0.440s] Level 1:colcon.colcon_core.environment:checking '/home/henry/training_ws/src/software-training/obstacle_detector/install/obstacle_detector' for CMake module files
[0.441s] Level 1:colcon.colcon_core.environment:checking '/home/henry/training_ws/src/software-training/obstacle_detector/install/obstacle_detector' for CMake config files
[0.441s] Level 1:colcon.colcon_core.shell:create_environment_hook('obstacle_detector', 'cmake_prefix_path')
[0.442s] INFO:colcon.colcon_core.shell:Creating environment hook '/home/henry/training_ws/src/software-training/obstacle_detector/install/obstacle_detector/share/obstacle_detector/hook/cmake_prefix_path.ps1'
[0.442s] INFO:colcon.colcon_core.shell:Creating environment descriptor '/home/henry/training_ws/src/software-training/obstacle_detector/install/obstacle_detector/share/obstacle_detector/hook/cmake_prefix_path.dsv'
[0.443s] INFO:colcon.colcon_core.shell:Creating environment hook '/home/henry/training_ws/src/software-training/obstacle_detector/install/obstacle_detector/share/obstacle_detector/hook/cmake_prefix_path.sh'
[0.444s] Level 1:colcon.colcon_core.environment:checking '/home/henry/training_ws/src/software-training/obstacle_detector/install/obstacle_detector/lib'
[0.444s] Level 1:colcon.colcon_core.shell:create_environment_hook('obstacle_detector', 'ld_library_path_lib')
[0.445s] INFO:colcon.colcon_core.shell:Creating environment hook '/home/henry/training_ws/src/software-training/obstacle_detector/install/obstacle_detector/share/obstacle_detector/hook/ld_library_path_lib.ps1'
[0.445s] INFO:colcon.colcon_core.shell:Creating environment descriptor '/home/henry/training_ws/src/software-training/obstacle_detector/install/obstacle_detector/share/obstacle_detector/hook/ld_library_path_lib.dsv'
[0.445s] INFO:colcon.colcon_core.shell:Creating environment hook '/home/henry/training_ws/src/software-training/obstacle_detector/install/obstacle_detector/share/obstacle_detector/hook/ld_library_path_lib.sh'
[0.446s] Level 1:colcon.colcon_core.environment:checking '/home/henry/training_ws/src/software-training/obstacle_detector/install/obstacle_detector/bin'
[0.446s] Level 1:colcon.colcon_core.environment:checking '/home/henry/training_ws/src/software-training/obstacle_detector/install/obstacle_detector/lib/pkgconfig/obstacle_detector.pc'
[0.446s] Level 1:colcon.colcon_core.environment:checking '/home/henry/training_ws/src/software-training/obstacle_detector/install/obstacle_detector/lib/python3.8/site-packages'
[0.447s] INFO:colcon.colcon_core.shell:Creating package script '/home/henry/training_ws/src/software-training/obstacle_detector/install/obstacle_detector/share/obstacle_detector/package.ps1'
[0.448s] INFO:colcon.colcon_core.shell:Creating package descriptor '/home/henry/training_ws/src/software-training/obstacle_detector/install/obstacle_detector/share/obstacle_detector/package.dsv'
[0.448s] INFO:colcon.colcon_core.shell:Creating package script '/home/henry/training_ws/src/software-training/obstacle_detector/install/obstacle_detector/share/obstacle_detector/package.sh'
[0.449s] INFO:colcon.colcon_core.shell:Creating package script '/home/henry/training_ws/src/software-training/obstacle_detector/install/obstacle_detector/share/obstacle_detector/package.bash'
[0.450s] INFO:colcon.colcon_core.shell:Creating package script '/home/henry/training_ws/src/software-training/obstacle_detector/install/obstacle_detector/share/obstacle_detector/package.zsh'
[0.451s] Level 1:colcon.colcon_core.environment:create_file_with_runtime_dependencies(/home/henry/training_ws/src/software-training/obstacle_detector/install/obstacle_detector/share/colcon-core/packages/obstacle_detector)
[0.474s] Level 1:colcon.colcon_core.environment:create_environment_scripts_only(obstacle_detector)
[0.475s] Level 1:colcon.colcon_core.environment:checking '/home/henry/training_ws/src/software-training/obstacle_detector/install/obstacle_detector' for CMake module files
[0.475s] Level 1:colcon.colcon_core.environment:checking '/home/henry/training_ws/src/software-training/obstacle_detector/install/obstacle_detector' for CMake config files
[0.476s] Level 1:colcon.colcon_core.shell:create_environment_hook('obstacle_detector', 'cmake_prefix_path')
[0.476s] INFO:colcon.colcon_core.shell:Creating environment hook '/home/henry/training_ws/src/software-training/obstacle_detector/install/obstacle_detector/share/obstacle_detector/hook/cmake_prefix_path.ps1'
[0.477s] INFO:colcon.colcon_core.shell:Creating environment descriptor '/home/henry/training_ws/src/software-training/obstacle_detector/install/obstacle_detector/share/obstacle_detector/hook/cmake_prefix_path.dsv'
[0.477s] INFO:colcon.colcon_core.shell:Creating environment hook '/home/henry/training_ws/src/software-training/obstacle_detector/install/obstacle_detector/share/obstacle_detector/hook/cmake_prefix_path.sh'
[0.478s] Level 1:colcon.colcon_core.environment:checking '/home/henry/training_ws/src/software-training/obstacle_detector/install/obstacle_detector/lib'
[0.478s] Level 1:colcon.colcon_core.shell:create_environment_hook('obstacle_detector', 'ld_library_path_lib')
[0.479s] INFO:colcon.colcon_core.shell:Creating environment hook '/home/henry/training_ws/src/software-training/obstacle_detector/install/obstacle_detector/share/obstacle_detector/hook/ld_library_path_lib.ps1'
[0.479s] INFO:colcon.colcon_core.shell:Creating environment descriptor '/home/henry/training_ws/src/software-training/obstacle_detector/install/obstacle_detector/share/obstacle_detector/hook/ld_library_path_lib.dsv'
[0.479s] INFO:colcon.colcon_core.shell:Creating environment hook '/home/henry/training_ws/src/software-training/obstacle_detector/install/obstacle_detector/share/obstacle_detector/hook/ld_library_path_lib.sh'
[0.480s] Level 1:colcon.colcon_core.environment:checking '/home/henry/training_ws/src/software-training/obstacle_detector/install/obstacle_detector/bin'
[0.480s] Level 1:colcon.colcon_core.environment:checking '/home/henry/training_ws/src/software-training/obstacle_detector/install/obstacle_detector/lib/pkgconfig/obstacle_detector.pc'
[0.480s] Level 1:colcon.colcon_core.environment:checking '/home/henry/training_ws/src/software-training/obstacle_detector/install/obstacle_detector/lib/python3.8/site-packages'
[0.481s] INFO:colcon.colcon_core.shell:Creating package script '/home/henry/training_ws/src/software-training/obstacle_detector/install/obstacle_detector/share/obstacle_detector/package.ps1'
[0.481s] INFO:colcon.colcon_core.shell:Creating package descriptor '/home/henry/training_ws/src/software-training/obstacle_detector/install/obstacle_detector/share/obstacle_detector/package.dsv'
[0.482s] INFO:colcon.colcon_core.shell:Creating package script '/home/henry/training_ws/src/software-training/obstacle_detector/install/obstacle_detector/share/obstacle_detector/package.sh'
[0.482s] INFO:colcon.colcon_core.shell:Creating package script '/home/henry/training_ws/src/software-training/obstacle_detector/install/obstacle_detector/share/obstacle_detector/package.bash'
[0.482s] INFO:colcon.colcon_core.shell:Creating package script '/home/henry/training_ws/src/software-training/obstacle_detector/install/obstacle_detector/share/obstacle_detector/package.zsh'
[0.483s] Level 1:colcon.colcon_core.environment:create_file_with_runtime_dependencies(/home/henry/training_ws/src/software-training/obstacle_detector/install/obstacle_detector/share/colcon-core/packages/obstacle_detector)
[0.483s] DEBUG:colcon.colcon_parallel_executor.executor.parallel:closing loop
[0.484s] DEBUG:colcon.colcon_parallel_executor.executor.parallel:loop closed
[0.484s] DEBUG:colcon.colcon_parallel_executor.executor.parallel:run_until_complete finished with '0'
[0.484s] DEBUG:colcon.colcon_core.event_reactor:joining thread
[0.491s] INFO:colcon.colcon_core.plugin_system:Skipping extension 'colcon_notification.desktop_notification.terminal_notifier': Not used on non-Darwin systems
[0.491s] INFO:colcon.colcon_core.plugin_system:Skipping extension 'colcon_notification.desktop_notification.win32': Not used on non-Windows systems
[0.491s] INFO:colcon.colcon_notification.desktop_notification:Sending desktop notification using 'notify2'
[0.504s] DEBUG:colcon.colcon_core.event_reactor:joined thread
[0.505s] INFO:colcon.colcon_core.shell:Creating prefix script '/home/henry/training_ws/src/software-training/obstacle_detector/install/local_setup.ps1'
[0.506s] INFO:colcon.colcon_core.shell:Creating prefix util module '/home/henry/training_ws/src/software-training/obstacle_detector/install/_local_setup_util_ps1.py'
[0.508s] INFO:colcon.colcon_core.shell:Creating prefix chain script '/home/henry/training_ws/src/software-training/obstacle_detector/install/setup.ps1'
[0.510s] INFO:colcon.colcon_core.shell:Creating prefix script '/home/henry/training_ws/src/software-training/obstacle_detector/install/local_setup.sh'
[0.511s] INFO:colcon.colcon_core.shell:Creating prefix util module '/home/henry/training_ws/src/software-training/obstacle_detector/install/_local_setup_util_sh.py'
[0.512s] INFO:colcon.colcon_core.shell:Creating prefix chain script '/home/henry/training_ws/src/software-training/obstacle_detector/install/setup.sh'
[0.515s] INFO:colcon.colcon_core.shell:Creating prefix script '/home/henry/training_ws/src/software-training/obstacle_detector/install/local_setup.bash'
[0.515s] INFO:colcon.colcon_core.shell:Creating prefix chain script '/home/henry/training_ws/src/software-training/obstacle_detector/install/setup.bash'
[0.518s] INFO:colcon.colcon_core.shell:Creating prefix script '/home/henry/training_ws/src/software-training/obstacle_detector/install/local_setup.zsh'
[0.518s] INFO:colcon.colcon_core.shell:Creating prefix chain script '/home/henry/training_ws/src/software-training/obstacle_detector/install/setup.zsh'
