[0.016s] Invoking command in '/home/henry/training_ws/src/software-training/obstacle_detector/build/obstacle_detector': CMAKE_PREFIX_PATH=${CMAKE_PREFIX_PATH}:/opt/ros/foxy /usr/bin/cmake --build /home/henry/training_ws/src/software-training/obstacle_detector/build/obstacle_detector -- -j12 -l12
[0.074s] [ 40%] Built target obstacle_detector_node
[0.086s] [100%] Built target obstacle_detector
[0.097s] Invoked command in '/home/henry/training_ws/src/software-training/obstacle_detector/build/obstacle_detector' returned '0': CMAKE_PREFIX_PATH=${CMAKE_PREFIX_PATH}:/opt/ros/foxy /usr/bin/cmake --build /home/henry/training_ws/src/software-training/obstacle_detector/build/obstacle_detector -- -j12 -l12
[0.133s] Invoking command in '/home/henry/training_ws/src/software-training/obstacle_detector/build/obstacle_detector': CMAKE_PREFIX_PATH=${CMAKE_PREFIX_PATH}:/opt/ros/foxy /usr/bin/cmake --install /home/henry/training_ws/src/software-training/obstacle_detector/build/obstacle_detector
[0.141s] -- Install configuration: ""
[0.141s] -- Up-to-date: /home/henry/training_ws/src/software-training/obstacle_detector/install/obstacle_detector/lib/obstacle_detector/obstacle_detector_node
[0.142s] -- Up-to-date: /home/henry/training_ws/src/software-training/obstacle_detector/install/obstacle_detector/lib/libobstacle_detector.so
[0.142s] -- Up-to-date: /home/henry/training_ws/src/software-training/obstacle_detector/install/obstacle_detector/share/obstacle_detector/launch
[0.142s] -- Up-to-date: /home/henry/training_ws/src/software-training/obstacle_detector/install/obstacle_detector/share/obstacle_detector/launch/obstacle_detector.launch.py
[0.143s] -- Up-to-date: /home/henry/training_ws/src/software-training/obstacle_detector/install/obstacle_detector/share/obstacle_detector/config
[0.143s] -- Up-to-date: /home/henry/training_ws/src/software-training/obstacle_detector/install/obstacle_detector/share/obstacle_detector/config/obstacle_detector_parameters.yaml
[0.143s] -- Up-to-date: /home/henry/training_ws/src/software-training/obstacle_detector/install/obstacle_detector/share/ament_index/resource_index/package_run_dependencies/obstacle_detector
[0.143s] -- Up-to-date: /home/henry/training_ws/src/software-training/obstacle_detector/install/obstacle_detector/share/ament_index/resource_index/parent_prefix_path/obstacle_detector
[0.143s] -- Up-to-date: /home/henry/training_ws/src/software-training/obstacle_detector/install/obstacle_detector/share/obstacle_detector/environment/ament_prefix_path.sh
[0.143s] -- Up-to-date: /home/henry/training_ws/src/software-training/obstacle_detector/install/obstacle_detector/share/obstacle_detector/environment/ament_prefix_path.dsv
[0.143s] -- Up-to-date: /home/henry/training_ws/src/software-training/obstacle_detector/install/obstacle_detector/share/obstacle_detector/environment/path.sh
[0.143s] -- Up-to-date: /home/henry/training_ws/src/software-training/obstacle_detector/install/obstacle_detector/share/obstacle_detector/environment/path.dsv
[0.144s] -- Up-to-date: /home/henry/training_ws/src/software-training/obstacle_detector/install/obstacle_detector/share/obstacle_detector/local_setup.bash
[0.144s] -- Up-to-date: /home/henry/training_ws/src/software-training/obstacle_detector/install/obstacle_detector/share/obstacle_detector/local_setup.sh
[0.144s] -- Up-to-date: /home/henry/training_ws/src/software-training/obstacle_detector/install/obstacle_detector/share/obstacle_detector/local_setup.zsh
[0.144s] -- Up-to-date: /home/henry/training_ws/src/software-training/obstacle_detector/install/obstacle_detector/share/obstacle_detector/local_setup.dsv
[0.144s] -- Installing: /home/henry/training_ws/src/software-training/obstacle_detector/install/obstacle_detector/share/obstacle_detector/package.dsv
[0.144s] -- Up-to-date: /home/henry/training_ws/src/software-training/obstacle_detector/install/obstacle_detector/share/ament_index/resource_index/packages/obstacle_detector
[0.144s] -- Up-to-date: /home/henry/training_ws/src/software-training/obstacle_detector/install/obstacle_detector/share/ament_index/resource_index/rclcpp_components/obstacle_detector
[0.144s] -- Up-to-date: /home/henry/training_ws/src/software-training/obstacle_detector/install/obstacle_detector/share/obstacle_detector/cmake/obstacle_detectorConfig.cmake
[0.145s] -- Up-to-date: /home/henry/training_ws/src/software-training/obstacle_detector/install/obstacle_detector/share/obstacle_detector/cmake/obstacle_detectorConfig-version.cmake
[0.146s] -- Up-to-date: /home/henry/training_ws/src/software-training/obstacle_detector/install/obstacle_detector/share/obstacle_detector/package.xml
[0.146s] Invoked command in '/home/henry/training_ws/src/software-training/obstacle_detector/build/obstacle_detector' returned '0': CMAKE_PREFIX_PATH=${CMAKE_PREFIX_PATH}:/opt/ros/foxy /usr/bin/cmake --install /home/henry/training_ws/src/software-training/obstacle_detector/build/obstacle_detector
