[0.017s] Invoking command in '/home/henry/training_ws/src/software-training/obstacle_detector/build/obstacle_detector': /usr/bin/cmake /home/henry/training_ws/src/software-training/obstacle_detector -DCMAKE_INSTALL_PREFIX=/home/henry/training_ws/src/software-training/obstacle_detector/install/obstacle_detector
[0.115s] -- The C compiler identification is GNU 9.3.0
[0.190s] -- The CXX compiler identification is GNU 9.3.0
[0.199s] -- Check for working C compiler: /usr/bin/cc
[0.264s] -- Check for working C compiler: /usr/bin/cc -- works
[0.266s] -- Detecting C compiler ABI info
[0.328s] -- Detecting C compiler ABI info - done
[0.344s] -- Detecting C compile features
[0.345s] -- Detecting C compile features - done
[0.350s] -- Check for working CXX compiler: /usr/bin/c++
[0.425s] -- Check for working CXX compiler: /usr/bin/c++ -- works
[0.426s] -- Detecting CXX compiler ABI info
[0.492s] -- Detecting CXX compiler ABI info - done
[0.506s] -- Detecting CXX compile features
[0.507s] -- Detecting CXX compile features - done
[0.518s] CMake Error at CMakeLists.txt:4 (find_package):
[0.518s]   By not providing "Findament_cmake.cmake" in CMAKE_MODULE_PATH this project
[0.518s]   has asked CMake to find a package configuration file provided by
[0.518s]   "ament_cmake", but CMake did not find one.
[0.518s] 
[0.518s]   Could not find a package configuration file provided by "ament_cmake" with
[0.518s]   any of the following names:
[0.518s] 
[0.519s]     ament_cmakeConfig.cmake
[0.519s]     ament_cmake-config.cmake
[0.519s] 
[0.519s]   Add the installation prefix of "ament_cmake" to CMAKE_PREFIX_PATH or set
[0.519s]   "ament_cmake_DIR" to a directory containing one of the above files.  If
[0.519s]   "ament_cmake" provides a separate development package or SDK, be sure it
[0.519s]   has been installed.
[0.519s] 
[0.519s] 
[0.519s] -- Configuring incomplete, errors occurred!
[0.519s] See also "/home/henry/training_ws/src/software-training/obstacle_detector/build/obstacle_detector/CMakeFiles/CMakeOutput.log".
[0.521s] Invoked command in '/home/henry/training_ws/src/software-training/obstacle_detector/build/obstacle_detector' returned '1': /usr/bin/cmake /home/henry/training_ws/src/software-training/obstacle_detector -DCMAKE_INSTALL_PREFIX=/home/henry/training_ws/src/software-training/obstacle_detector/install/obstacle_detector
