[0.014s] Invoking command in '/home/henry/training_ws/src/software-training/coordinate_transform/build/coordinate_transform': CMAKE_PREFIX_PATH=${CMAKE_PREFIX_PATH}:/opt/ros/foxy /usr/bin/cmake --build /home/henry/training_ws/src/software-training/coordinate_transform/build/coordinate_transform -- -j12 -l12
[0.068s] [ 50%] Built target coordinate_transform_node
[0.068s] [ 75%] [32mBuilding CXX object CMakeFiles/coordinate_transform_components.dir/src/coordinate_transform_component.cpp.o[0m
[1.931s] [01m[K/home/henry/training_ws/src/software-training/coordinate_transform/src/coordinate_transform_component.cpp:[m[K In member function ‘[01m[KEigen::Matrix4d coordinate_transform::CoordinateTransformComponent::getTransformationMatrixForOpticalFrame()[m[K’:
[1.931s] [01m[K/home/henry/training_ws/src/software-training/coordinate_transform/src/coordinate_transform_component.cpp:105:23:[m[K [01;31m[Kerror: [m[Kwrong number of template arguments (1, should be 2)
[1.931s]   105 |      std::array<double[01;31m[K>[m[K R_roll_data = {1, 0, 0, 0,
[1.931s]       |                       [01;31m[K^[m[K
[1.931s] In file included from [01m[K/usr/include/c++/9/tuple:39[m[K,
[1.931s]                  from [01m[K/usr/include/c++/9/bits/unique_ptr.h:37[m[K,
[1.931s]                  from [01m[K/usr/include/c++/9/memory:80[m[K,
[1.932s]                  from [01m[K/opt/ros/foxy/include/rclcpp/rclcpp.hpp:144[m[K,
[1.932s]                  from [01m[K/home/henry/training_ws/src/software-training/coordinate_transform/src/coordinate_transform_component.cpp:21[m[K:
[1.932s] [01m[K/usr/include/c++/9/array:94:12:[m[K [01;36m[Knote: [m[Kprovided for ‘[01m[Ktemplate<class _Tp, long unsigned int _Nm> struct std::array[m[K’
[1.932s]    94 |     struct [01;36m[Karray[m[K
[1.932s]       |            [01;36m[K^~~~~[m[K
[1.932s] [01m[K/home/henry/training_ws/src/software-training/coordinate_transform/src/coordinate_transform_component.cpp:105:25:[m[K [01;31m[Kerror: [m[Kexpected ‘[01m[K}[m[K’ before ‘[01m[KR_roll_data[m[K’
[1.932s]   105 |      std::array<double> [01;31m[KR_roll_data[m[K = {1, 0, 0, 0,
[1.932s]       |                         [01;31m[K^~~~~~~~~~~[m[K
[1.932s] [01m[K/home/henry/training_ws/src/software-training/coordinate_transform/src/coordinate_transform_component.cpp:104:12:[m[K [01;36m[Knote: [m[Kto match this ‘[01m[K{[m[K’
[1.932s]   104 |     return [01;36m[K{[m[K
[1.932s]       |            [01;36m[K^[m[K
[1.932s] [01m[K/home/henry/training_ws/src/software-training/coordinate_transform/src/coordinate_transform_component.cpp:105:25:[m[K [01;31m[Kerror: [m[Kcould not convert ‘[01m[K{<expression error>}[m[K’ from ‘[01m[K<brace-enclosed initializer list>[m[K’ to ‘[01m[KEigen::Matrix4d[m[K’ {aka ‘[01m[KEigen::Matrix<double, 4, 4>[m[K’}
[1.932s]   105 |      std::array<double> [01;31m[KR_roll_data[m[K = {1, 0, 0, 0,
[1.932s]       |                         [01;31m[K^~~~~~~~~~~[m[K
[1.932s]       |                         [01;31m[K|[m[K
[1.932s]       |                         [01;31m[K<brace-enclosed initializer list>[m[K
[1.933s] [01m[K/home/henry/training_ws/src/software-training/coordinate_transform/src/coordinate_transform_component.cpp:105:24:[m[K [01;31m[Kerror: [m[Kexpected ‘[01m[K;[m[K’ before ‘[01m[KR_roll_data[m[K’
[1.933s]   105 |      std::array<double>[01;31m[K [m[K[32m[KR_roll_data[m[K = {1, 0, 0, 0,
[1.933s]       |                        [01;31m[K^[m[K[32m[K~~~~~~~~~~~[m[K
[1.933s]       |                        [32m[K;[m[K
[1.935s] [01m[K/home/henry/training_ws/src/software-training/coordinate_transform/src/coordinate_transform_component.cpp:105:25:[m[K [01;31m[Kerror: [m[K‘[01m[KR_roll_data[m[K’ was not declared in this scope
[1.935s]   105 |      std::array<double> [01;31m[KR_roll_data[m[K = {1, 0, 0, 0,
[1.935s]       |                         [01;31m[K^~~~~~~~~~~[m[K
[3.073s] make[2]: *** [CMakeFiles/coordinate_transform_components.dir/build.make:63: CMakeFiles/coordinate_transform_components.dir/src/coordinate_transform_component.cpp.o] Interrupt
[3.073s] make[1]: *** [CMakeFiles/Makefile2:134: CMakeFiles/coordinate_transform_components.dir/all] Interrupt
[3.073s] make: *** [Makefile:141: all] Interrupt
[3.086s] Invoked command in '/home/henry/training_ws/src/software-training/coordinate_transform/build/coordinate_transform' returned '-2': CMAKE_PREFIX_PATH=${CMAKE_PREFIX_PATH}:/opt/ros/foxy /usr/bin/cmake --build /home/henry/training_ws/src/software-training/coordinate_transform/build/coordinate_transform -- -j12 -l12
