[0.370s] DEBUG:colcon:Command line arguments: ['/usr/bin/colcon', 'build']
[0.370s] DEBUG:colcon:Parsed command line arguments: Namespace(ament_cmake_args=None, base_paths=['.'], build_base='build', catkin_cmake_args=None, catkin_skip_building_tests=False, cmake_args=None, cmake_clean_cache=False, cmake_clean_first=False, cmake_force_configure=False, cmake_target=None, cmake_target_skip_unavailable=False, continue_on_error=False, event_handlers=None, executor='parallel', ignore_user_meta=False, install_base='install', log_base=None, log_level=None, main=<bound method BuildVerb.main of <colcon_core.verb.build.BuildVerb object at 0x7f4d822dd250>>, merge_install=False, metas=['./colcon.meta'], packages_above=None, packages_above_and_dependencies=None, packages_above_depth=None, packages_end=None, packages_ignore=None, packages_ignore_regex=None, packages_select=None, packages_select_build_failed=False, packages_select_by_dep=None, packages_select_regex=None, packages_select_test_failures=False, packages_skip=None, packages_skip_build_finished=False, packages_skip_by_dep=None, packages_skip_regex=None, packages_skip_test_passed=False, packages_skip_up_to=None, packages_start=None, packages_up_to=None, packages_up_to_regex=None, parallel_workers=12, paths=None, symlink_install=False, test_result_base=None, verb_extension=<colcon_core.verb.build.BuildVerb object at 0x7f4d822dd250>, verb_name='build', verb_parser=<colcon_defaults.argument_parser.defaults.DefaultArgumentsDecorator object at 0x7f4d822dd790>)
[0.377s] Level 1:colcon.colcon_core.package_discovery:discover_packages(colcon_meta) check parameters
[0.377s] Level 1:colcon.colcon_core.package_discovery:discover_packages(recursive) check parameters
[0.377s] Level 1:colcon.colcon_core.package_discovery:discover_packages(ignore) check parameters
[0.377s] Level 1:colcon.colcon_core.package_discovery:discover_packages(path) check parameters
[0.377s] Level 1:colcon.colcon_core.package_discovery:discover_packages(colcon_meta) discover
[0.377s] Level 1:colcon.colcon_core.package_discovery:discover_packages(recursive) discover
[0.377s] INFO:colcon.colcon_core.package_discovery:Crawling recursively for packages in '/home/henry/training_ws/src/software-training'
[0.377s] Level 1:colcon.colcon_core.package_identification:_identify(.) by extensions ['ignore', 'ignore_ament_install']
[0.377s] Level 1:colcon.colcon_core.package_identification:_identify(.) by extension 'ignore'
[0.378s] Level 1:colcon.colcon_core.package_identification:_identify(.) by extension 'ignore_ament_install'
[0.378s] Level 1:colcon.colcon_core.package_identification:_identify(.) by extensions ['colcon_pkg']
[0.378s] Level 1:colcon.colcon_core.package_identification:_identify(.) by extension 'colcon_pkg'
[0.378s] Level 1:colcon.colcon_core.package_identification:_identify(.) by extensions ['colcon_meta']
[0.378s] Level 1:colcon.colcon_core.package_identification:_identify(.) by extension 'colcon_meta'
[0.378s] Level 1:colcon.colcon_core.package_identification:_identify(.) by extensions ['ros']
[0.378s] Level 1:colcon.colcon_core.package_identification:_identify(.) by extension 'ros'
[0.389s] Level 1:colcon.colcon_core.package_identification:_identify(.) by extensions ['cmake', 'python']
[0.389s] Level 1:colcon.colcon_core.package_identification:_identify(.) by extension 'cmake'
[0.389s] Level 1:colcon.colcon_core.package_identification:_identify(.) by extension 'python'
[0.389s] Level 1:colcon.colcon_core.package_identification:_identify(.) by extensions ['python_setup_py']
[0.389s] Level 1:colcon.colcon_core.package_identification:_identify(.) by extension 'python_setup_py'
[0.389s] Level 1:colcon.colcon_core.package_identification:_identify(astar_path_planner) by extensions ['ignore', 'ignore_ament_install']
[0.389s] Level 1:colcon.colcon_core.package_identification:_identify(astar_path_planner) by extension 'ignore'
[0.389s] Level 1:colcon.colcon_core.package_identification:_identify(astar_path_planner) by extension 'ignore_ament_install'
[0.389s] Level 1:colcon.colcon_core.package_identification:_identify(astar_path_planner) by extensions ['colcon_pkg']
[0.389s] Level 1:colcon.colcon_core.package_identification:_identify(astar_path_planner) by extension 'colcon_pkg'
[0.389s] Level 1:colcon.colcon_core.package_identification:_identify(astar_path_planner) by extensions ['colcon_meta']
[0.389s] Level 1:colcon.colcon_core.package_identification:_identify(astar_path_planner) by extension 'colcon_meta'
[0.390s] Level 1:colcon.colcon_core.package_identification:_identify(astar_path_planner) by extensions ['ros']
[0.390s] Level 1:colcon.colcon_core.package_identification:_identify(astar_path_planner) by extension 'ros'
[0.392s] DEBUG:colcon.colcon_core.package_identification:Package 'astar_path_planner' with type 'ros.ament_cmake' and name 'astar_path_planner'
[0.392s] Level 1:colcon.colcon_core.package_identification:_identify(build) by extensions ['ignore', 'ignore_ament_install']
[0.392s] Level 1:colcon.colcon_core.package_identification:_identify(build) by extension 'ignore'
[0.392s] Level 1:colcon.colcon_core.package_identification:_identify(build) ignored
[0.392s] Level 1:colcon.colcon_core.package_identification:_identify(coordinate_transform) by extensions ['ignore', 'ignore_ament_install']
[0.393s] Level 1:colcon.colcon_core.package_identification:_identify(coordinate_transform) by extension 'ignore'
[0.393s] Level 1:colcon.colcon_core.package_identification:_identify(coordinate_transform) by extension 'ignore_ament_install'
[0.393s] Level 1:colcon.colcon_core.package_identification:_identify(coordinate_transform) by extensions ['colcon_pkg']
[0.393s] Level 1:colcon.colcon_core.package_identification:_identify(coordinate_transform) by extension 'colcon_pkg'
[0.393s] Level 1:colcon.colcon_core.package_identification:_identify(coordinate_transform) by extensions ['colcon_meta']
[0.393s] Level 1:colcon.colcon_core.package_identification:_identify(coordinate_transform) by extension 'colcon_meta'
[0.393s] Level 1:colcon.colcon_core.package_identification:_identify(coordinate_transform) by extensions ['ros']
[0.393s] Level 1:colcon.colcon_core.package_identification:_identify(coordinate_transform) by extension 'ros'
[0.394s] DEBUG:colcon.colcon_core.package_identification:Package 'coordinate_transform' with type 'ros.ament_cmake' and name 'coordinate_transform'
[0.394s] Level 1:colcon.colcon_core.package_identification:_identify(install) by extensions ['ignore', 'ignore_ament_install']
[0.394s] Level 1:colcon.colcon_core.package_identification:_identify(install) by extension 'ignore'
[0.394s] Level 1:colcon.colcon_core.package_identification:_identify(install) ignored
[0.394s] Level 1:colcon.colcon_core.package_identification:_identify(localization) by extensions ['ignore', 'ignore_ament_install']
[0.394s] Level 1:colcon.colcon_core.package_identification:_identify(localization) by extension 'ignore'
[0.394s] Level 1:colcon.colcon_core.package_identification:_identify(localization) by extension 'ignore_ament_install'
[0.394s] Level 1:colcon.colcon_core.package_identification:_identify(localization) by extensions ['colcon_pkg']
[0.394s] Level 1:colcon.colcon_core.package_identification:_identify(localization) by extension 'colcon_pkg'
[0.394s] Level 1:colcon.colcon_core.package_identification:_identify(localization) by extensions ['colcon_meta']
[0.394s] Level 1:colcon.colcon_core.package_identification:_identify(localization) by extension 'colcon_meta'
[0.394s] Level 1:colcon.colcon_core.package_identification:_identify(localization) by extensions ['ros']
[0.394s] Level 1:colcon.colcon_core.package_identification:_identify(localization) by extension 'ros'
[0.396s] DEBUG:colcon.colcon_core.package_identification:Package 'localization' with type 'ros.ament_cmake' and name 'localization'
[0.396s] Level 1:colcon.colcon_core.package_identification:_identify(log) by extensions ['ignore', 'ignore_ament_install']
[0.396s] Level 1:colcon.colcon_core.package_identification:_identify(log) by extension 'ignore'
[0.396s] Level 1:colcon.colcon_core.package_identification:_identify(log) ignored
[0.396s] Level 1:colcon.colcon_core.package_identification:_identify(lqr_control) by extensions ['ignore', 'ignore_ament_install']
[0.396s] Level 1:colcon.colcon_core.package_identification:_identify(lqr_control) by extension 'ignore'
[0.396s] Level 1:colcon.colcon_core.package_identification:_identify(lqr_control) by extension 'ignore_ament_install'
[0.396s] Level 1:colcon.colcon_core.package_identification:_identify(lqr_control) by extensions ['colcon_pkg']
[0.396s] Level 1:colcon.colcon_core.package_identification:_identify(lqr_control) by extension 'colcon_pkg'
[0.396s] Level 1:colcon.colcon_core.package_identification:_identify(lqr_control) by extensions ['colcon_meta']
[0.396s] Level 1:colcon.colcon_core.package_identification:_identify(lqr_control) by extension 'colcon_meta'
[0.396s] Level 1:colcon.colcon_core.package_identification:_identify(lqr_control) by extensions ['ros']
[0.396s] Level 1:colcon.colcon_core.package_identification:_identify(lqr_control) by extension 'ros'
[0.397s] DEBUG:colcon.colcon_core.package_identification:Package 'lqr_control' with type 'ros.ament_cmake' and name 'lqr_control'
[0.397s] Level 1:colcon.colcon_core.package_identification:_identify(mapping) by extensions ['ignore', 'ignore_ament_install']
[0.397s] Level 1:colcon.colcon_core.package_identification:_identify(mapping) by extension 'ignore'
[0.398s] Level 1:colcon.colcon_core.package_identification:_identify(mapping) by extension 'ignore_ament_install'
[0.398s] Level 1:colcon.colcon_core.package_identification:_identify(mapping) by extensions ['colcon_pkg']
[0.398s] Level 1:colcon.colcon_core.package_identification:_identify(mapping) by extension 'colcon_pkg'
[0.398s] Level 1:colcon.colcon_core.package_identification:_identify(mapping) by extensions ['colcon_meta']
[0.398s] Level 1:colcon.colcon_core.package_identification:_identify(mapping) by extension 'colcon_meta'
[0.398s] Level 1:colcon.colcon_core.package_identification:_identify(mapping) by extensions ['ros']
[0.398s] Level 1:colcon.colcon_core.package_identification:_identify(mapping) by extension 'ros'
[0.399s] DEBUG:colcon.colcon_core.package_identification:Package 'mapping' with type 'ros.ament_cmake' and name 'mapping'
[0.399s] Level 1:colcon.colcon_core.package_identification:_identify(mineral_deposit_tracking) by extensions ['ignore', 'ignore_ament_install']
[0.399s] Level 1:colcon.colcon_core.package_identification:_identify(mineral_deposit_tracking) by extension 'ignore'
[0.399s] Level 1:colcon.colcon_core.package_identification:_identify(mineral_deposit_tracking) by extension 'ignore_ament_install'
[0.399s] Level 1:colcon.colcon_core.package_identification:_identify(mineral_deposit_tracking) by extensions ['colcon_pkg']
[0.399s] Level 1:colcon.colcon_core.package_identification:_identify(mineral_deposit_tracking) by extension 'colcon_pkg'
[0.399s] Level 1:colcon.colcon_core.package_identification:_identify(mineral_deposit_tracking) by extensions ['colcon_meta']
[0.399s] Level 1:colcon.colcon_core.package_identification:_identify(mineral_deposit_tracking) by extension 'colcon_meta'
[0.399s] Level 1:colcon.colcon_core.package_identification:_identify(mineral_deposit_tracking) by extensions ['ros']
[0.399s] Level 1:colcon.colcon_core.package_identification:_identify(mineral_deposit_tracking) by extension 'ros'
[0.400s] DEBUG:colcon.colcon_core.package_identification:Package 'mineral_deposit_tracking' with type 'ros.ament_cmake' and name 'mineral_deposit_tracking'
[0.400s] Level 1:colcon.colcon_core.package_identification:_identify(obstacle_detector) by extensions ['ignore', 'ignore_ament_install']
[0.400s] Level 1:colcon.colcon_core.package_identification:_identify(obstacle_detector) by extension 'ignore'
[0.400s] Level 1:colcon.colcon_core.package_identification:_identify(obstacle_detector) by extension 'ignore_ament_install'
[0.400s] Level 1:colcon.colcon_core.package_identification:_identify(obstacle_detector) by extensions ['colcon_pkg']
[0.400s] Level 1:colcon.colcon_core.package_identification:_identify(obstacle_detector) by extension 'colcon_pkg'
[0.401s] Level 1:colcon.colcon_core.package_identification:_identify(obstacle_detector) by extensions ['colcon_meta']
[0.401s] Level 1:colcon.colcon_core.package_identification:_identify(obstacle_detector) by extension 'colcon_meta'
[0.401s] Level 1:colcon.colcon_core.package_identification:_identify(obstacle_detector) by extensions ['ros']
[0.401s] Level 1:colcon.colcon_core.package_identification:_identify(obstacle_detector) by extension 'ros'
[0.402s] DEBUG:colcon.colcon_core.package_identification:Package 'obstacle_detector' with type 'ros.ament_cmake' and name 'obstacle_detector'
[0.402s] Level 1:colcon.colcon_core.package_identification:_identify(peak_finder) by extensions ['ignore', 'ignore_ament_install']
[0.402s] Level 1:colcon.colcon_core.package_identification:_identify(peak_finder) by extension 'ignore'
[0.402s] Level 1:colcon.colcon_core.package_identification:_identify(peak_finder) by extension 'ignore_ament_install'
[0.402s] Level 1:colcon.colcon_core.package_identification:_identify(peak_finder) by extensions ['colcon_pkg']
[0.402s] Level 1:colcon.colcon_core.package_identification:_identify(peak_finder) by extension 'colcon_pkg'
[0.402s] Level 1:colcon.colcon_core.package_identification:_identify(peak_finder) by extensions ['colcon_meta']
[0.402s] Level 1:colcon.colcon_core.package_identification:_identify(peak_finder) by extension 'colcon_meta'
[0.402s] Level 1:colcon.colcon_core.package_identification:_identify(peak_finder) by extensions ['ros']
[0.402s] Level 1:colcon.colcon_core.package_identification:_identify(peak_finder) by extension 'ros'
[0.403s] DEBUG:colcon.colcon_core.package_identification:Package 'peak_finder' with type 'ros.ament_cmake' and name 'peak_finder'
[0.403s] Level 1:colcon.colcon_core.package_identification:_identify(projects) by extensions ['ignore', 'ignore_ament_install']
[0.403s] Level 1:colcon.colcon_core.package_identification:_identify(projects) by extension 'ignore'
[0.403s] Level 1:colcon.colcon_core.package_identification:_identify(projects) by extension 'ignore_ament_install'
[0.403s] Level 1:colcon.colcon_core.package_identification:_identify(projects) by extensions ['colcon_pkg']
[0.403s] Level 1:colcon.colcon_core.package_identification:_identify(projects) by extension 'colcon_pkg'
[0.404s] Level 1:colcon.colcon_core.package_identification:_identify(projects) by extensions ['colcon_meta']
[0.404s] Level 1:colcon.colcon_core.package_identification:_identify(projects) by extension 'colcon_meta'
[0.404s] Level 1:colcon.colcon_core.package_identification:_identify(projects) by extensions ['ros']
[0.404s] Level 1:colcon.colcon_core.package_identification:_identify(projects) by extension 'ros'
[0.404s] Level 1:colcon.colcon_core.package_identification:_identify(projects) by extensions ['cmake', 'python']
[0.404s] Level 1:colcon.colcon_core.package_identification:_identify(projects) by extension 'cmake'
[0.404s] Level 1:colcon.colcon_core.package_identification:_identify(projects) by extension 'python'
[0.404s] Level 1:colcon.colcon_core.package_identification:_identify(projects) by extensions ['python_setup_py']
[0.404s] Level 1:colcon.colcon_core.package_identification:_identify(projects) by extension 'python_setup_py'
[0.404s] Level 1:colcon.colcon_core.package_identification:_identify(projects/week_1) by extensions ['ignore', 'ignore_ament_install']
[0.404s] Level 1:colcon.colcon_core.package_identification:_identify(projects/week_1) by extension 'ignore'
[0.404s] Level 1:colcon.colcon_core.package_identification:_identify(projects/week_1) by extension 'ignore_ament_install'
[0.404s] Level 1:colcon.colcon_core.package_identification:_identify(projects/week_1) by extensions ['colcon_pkg']
[0.404s] Level 1:colcon.colcon_core.package_identification:_identify(projects/week_1) by extension 'colcon_pkg'
[0.404s] Level 1:colcon.colcon_core.package_identification:_identify(projects/week_1) by extensions ['colcon_meta']
[0.404s] Level 1:colcon.colcon_core.package_identification:_identify(projects/week_1) by extension 'colcon_meta'
[0.405s] Level 1:colcon.colcon_core.package_identification:_identify(projects/week_1) by extensions ['ros']
[0.405s] Level 1:colcon.colcon_core.package_identification:_identify(projects/week_1) by extension 'ros'
[0.405s] Level 1:colcon.colcon_core.package_identification:_identify(projects/week_1) by extensions ['cmake', 'python']
[0.405s] Level 1:colcon.colcon_core.package_identification:_identify(projects/week_1) by extension 'cmake'
[0.405s] Level 1:colcon.colcon_core.package_identification:_identify(projects/week_1) by extension 'python'
[0.405s] Level 1:colcon.colcon_core.package_identification:_identify(projects/week_1) by extensions ['python_setup_py']
[0.405s] Level 1:colcon.colcon_core.package_identification:_identify(projects/week_1) by extension 'python_setup_py'
[0.405s] Level 1:colcon.colcon_core.package_identification:_identify(projects/week_2) by extensions ['ignore', 'ignore_ament_install']
[0.405s] Level 1:colcon.colcon_core.package_identification:_identify(projects/week_2) by extension 'ignore'
[0.405s] Level 1:colcon.colcon_core.package_identification:_identify(projects/week_2) by extension 'ignore_ament_install'
[0.405s] Level 1:colcon.colcon_core.package_identification:_identify(projects/week_2) by extensions ['colcon_pkg']
[0.405s] Level 1:colcon.colcon_core.package_identification:_identify(projects/week_2) by extension 'colcon_pkg'
[0.405s] Level 1:colcon.colcon_core.package_identification:_identify(projects/week_2) by extensions ['colcon_meta']
[0.405s] Level 1:colcon.colcon_core.package_identification:_identify(projects/week_2) by extension 'colcon_meta'
[0.405s] Level 1:colcon.colcon_core.package_identification:_identify(projects/week_2) by extensions ['ros']
[0.405s] Level 1:colcon.colcon_core.package_identification:_identify(projects/week_2) by extension 'ros'
[0.405s] Level 1:colcon.colcon_core.package_identification:_identify(projects/week_2) by extensions ['cmake', 'python']
[0.405s] Level 1:colcon.colcon_core.package_identification:_identify(projects/week_2) by extension 'cmake'
[0.406s] Level 1:colcon.colcon_core.package_identification:_identify(projects/week_2) by extension 'python'
[0.406s] Level 1:colcon.colcon_core.package_identification:_identify(projects/week_2) by extensions ['python_setup_py']
[0.406s] Level 1:colcon.colcon_core.package_identification:_identify(projects/week_2) by extension 'python_setup_py'
[0.406s] Level 1:colcon.colcon_core.package_identification:_identify(projects/week_3) by extensions ['ignore', 'ignore_ament_install']
[0.406s] Level 1:colcon.colcon_core.package_identification:_identify(projects/week_3) by extension 'ignore'
[0.406s] Level 1:colcon.colcon_core.package_identification:_identify(projects/week_3) by extension 'ignore_ament_install'
[0.406s] Level 1:colcon.colcon_core.package_identification:_identify(projects/week_3) by extensions ['colcon_pkg']
[0.406s] Level 1:colcon.colcon_core.package_identification:_identify(projects/week_3) by extension 'colcon_pkg'
[0.406s] Level 1:colcon.colcon_core.package_identification:_identify(projects/week_3) by extensions ['colcon_meta']
[0.406s] Level 1:colcon.colcon_core.package_identification:_identify(projects/week_3) by extension 'colcon_meta'
[0.406s] Level 1:colcon.colcon_core.package_identification:_identify(projects/week_3) by extensions ['ros']
[0.406s] Level 1:colcon.colcon_core.package_identification:_identify(projects/week_3) by extension 'ros'
[0.406s] Level 1:colcon.colcon_core.package_identification:_identify(projects/week_3) by extensions ['cmake', 'python']
[0.406s] Level 1:colcon.colcon_core.package_identification:_identify(projects/week_3) by extension 'cmake'
[0.406s] Level 1:colcon.colcon_core.package_identification:_identify(projects/week_3) by extension 'python'
[0.406s] Level 1:colcon.colcon_core.package_identification:_identify(projects/week_3) by extensions ['python_setup_py']
[0.406s] Level 1:colcon.colcon_core.package_identification:_identify(projects/week_3) by extension 'python_setup_py'
[0.407s] Level 1:colcon.colcon_core.package_identification:_identify(projects/week_4) by extensions ['ignore', 'ignore_ament_install']
[0.407s] Level 1:colcon.colcon_core.package_identification:_identify(projects/week_4) by extension 'ignore'
[0.407s] Level 1:colcon.colcon_core.package_identification:_identify(projects/week_4) by extension 'ignore_ament_install'
[0.407s] Level 1:colcon.colcon_core.package_identification:_identify(projects/week_4) by extensions ['colcon_pkg']
[0.407s] Level 1:colcon.colcon_core.package_identification:_identify(projects/week_4) by extension 'colcon_pkg'
[0.407s] Level 1:colcon.colcon_core.package_identification:_identify(projects/week_4) by extensions ['colcon_meta']
[0.407s] Level 1:colcon.colcon_core.package_identification:_identify(projects/week_4) by extension 'colcon_meta'
[0.407s] Level 1:colcon.colcon_core.package_identification:_identify(projects/week_4) by extensions ['ros']
[0.407s] Level 1:colcon.colcon_core.package_identification:_identify(projects/week_4) by extension 'ros'
[0.407s] Level 1:colcon.colcon_core.package_identification:_identify(projects/week_4) by extensions ['cmake', 'python']
[0.407s] Level 1:colcon.colcon_core.package_identification:_identify(projects/week_4) by extension 'cmake'
[0.407s] Level 1:colcon.colcon_core.package_identification:_identify(projects/week_4) by extension 'python'
[0.407s] Level 1:colcon.colcon_core.package_identification:_identify(projects/week_4) by extensions ['python_setup_py']
[0.407s] Level 1:colcon.colcon_core.package_identification:_identify(projects/week_4) by extension 'python_setup_py'
[0.407s] Level 1:colcon.colcon_core.package_identification:_identify(projects/week_5) by extensions ['ignore', 'ignore_ament_install']
[0.408s] Level 1:colcon.colcon_core.package_identification:_identify(projects/week_5) by extension 'ignore'
[0.408s] Level 1:colcon.colcon_core.package_identification:_identify(projects/week_5) by extension 'ignore_ament_install'
[0.408s] Level 1:colcon.colcon_core.package_identification:_identify(projects/week_5) by extensions ['colcon_pkg']
[0.408s] Level 1:colcon.colcon_core.package_identification:_identify(projects/week_5) by extension 'colcon_pkg'
[0.408s] Level 1:colcon.colcon_core.package_identification:_identify(projects/week_5) by extensions ['colcon_meta']
[0.408s] Level 1:colcon.colcon_core.package_identification:_identify(projects/week_5) by extension 'colcon_meta'
[0.408s] Level 1:colcon.colcon_core.package_identification:_identify(projects/week_5) by extensions ['ros']
[0.408s] Level 1:colcon.colcon_core.package_identification:_identify(projects/week_5) by extension 'ros'
[0.408s] Level 1:colcon.colcon_core.package_identification:_identify(projects/week_5) by extensions ['cmake', 'python']
[0.408s] Level 1:colcon.colcon_core.package_identification:_identify(projects/week_5) by extension 'cmake'
[0.408s] Level 1:colcon.colcon_core.package_identification:_identify(projects/week_5) by extension 'python'
[0.408s] Level 1:colcon.colcon_core.package_identification:_identify(projects/week_5) by extensions ['python_setup_py']
[0.408s] Level 1:colcon.colcon_core.package_identification:_identify(projects/week_5) by extension 'python_setup_py'
[0.408s] Level 1:colcon.colcon_core.package_identification:_identify(projects/week_6) by extensions ['ignore', 'ignore_ament_install']
[0.408s] Level 1:colcon.colcon_core.package_identification:_identify(projects/week_6) by extension 'ignore'
[0.408s] Level 1:colcon.colcon_core.package_identification:_identify(projects/week_6) by extension 'ignore_ament_install'
[0.408s] Level 1:colcon.colcon_core.package_identification:_identify(projects/week_6) by extensions ['colcon_pkg']
[0.408s] Level 1:colcon.colcon_core.package_identification:_identify(projects/week_6) by extension 'colcon_pkg'
[0.409s] Level 1:colcon.colcon_core.package_identification:_identify(projects/week_6) by extensions ['colcon_meta']
[0.409s] Level 1:colcon.colcon_core.package_identification:_identify(projects/week_6) by extension 'colcon_meta'
[0.409s] Level 1:colcon.colcon_core.package_identification:_identify(projects/week_6) by extensions ['ros']
[0.409s] Level 1:colcon.colcon_core.package_identification:_identify(projects/week_6) by extension 'ros'
[0.409s] Level 1:colcon.colcon_core.package_identification:_identify(projects/week_6) by extensions ['cmake', 'python']
[0.409s] Level 1:colcon.colcon_core.package_identification:_identify(projects/week_6) by extension 'cmake'
[0.409s] Level 1:colcon.colcon_core.package_identification:_identify(projects/week_6) by extension 'python'
[0.409s] Level 1:colcon.colcon_core.package_identification:_identify(projects/week_6) by extensions ['python_setup_py']
[0.409s] Level 1:colcon.colcon_core.package_identification:_identify(projects/week_6) by extension 'python_setup_py'
[0.409s] Level 1:colcon.colcon_core.package_identification:_identify(projects/week_7) by extensions ['ignore', 'ignore_ament_install']
[0.409s] Level 1:colcon.colcon_core.package_identification:_identify(projects/week_7) by extension 'ignore'
[0.409s] Level 1:colcon.colcon_core.package_identification:_identify(projects/week_7) by extension 'ignore_ament_install'
[0.409s] Level 1:colcon.colcon_core.package_identification:_identify(projects/week_7) by extensions ['colcon_pkg']
[0.409s] Level 1:colcon.colcon_core.package_identification:_identify(projects/week_7) by extension 'colcon_pkg'
[0.409s] Level 1:colcon.colcon_core.package_identification:_identify(projects/week_7) by extensions ['colcon_meta']
[0.409s] Level 1:colcon.colcon_core.package_identification:_identify(projects/week_7) by extension 'colcon_meta'
[0.409s] Level 1:colcon.colcon_core.package_identification:_identify(projects/week_7) by extensions ['ros']
[0.409s] Level 1:colcon.colcon_core.package_identification:_identify(projects/week_7) by extension 'ros'
[0.410s] Level 1:colcon.colcon_core.package_identification:_identify(projects/week_7) by extensions ['cmake', 'python']
[0.410s] Level 1:colcon.colcon_core.package_identification:_identify(projects/week_7) by extension 'cmake'
[0.410s] Level 1:colcon.colcon_core.package_identification:_identify(projects/week_7) by extension 'python'
[0.410s] Level 1:colcon.colcon_core.package_identification:_identify(projects/week_7) by extensions ['python_setup_py']
[0.410s] Level 1:colcon.colcon_core.package_identification:_identify(projects/week_7) by extension 'python_setup_py'
[0.410s] Level 1:colcon.colcon_core.package_identification:_identify(projects/week_8) by extensions ['ignore', 'ignore_ament_install']
[0.410s] Level 1:colcon.colcon_core.package_identification:_identify(projects/week_8) by extension 'ignore'
[0.410s] Level 1:colcon.colcon_core.package_identification:_identify(projects/week_8) by extension 'ignore_ament_install'
[0.410s] Level 1:colcon.colcon_core.package_identification:_identify(projects/week_8) by extensions ['colcon_pkg']
[0.410s] Level 1:colcon.colcon_core.package_identification:_identify(projects/week_8) by extension 'colcon_pkg'
[0.410s] Level 1:colcon.colcon_core.package_identification:_identify(projects/week_8) by extensions ['colcon_meta']
[0.410s] Level 1:colcon.colcon_core.package_identification:_identify(projects/week_8) by extension 'colcon_meta'
[0.410s] Level 1:colcon.colcon_core.package_identification:_identify(projects/week_8) by extensions ['ros']
[0.410s] Level 1:colcon.colcon_core.package_identification:_identify(projects/week_8) by extension 'ros'
[0.410s] Level 1:colcon.colcon_core.package_identification:_identify(projects/week_8) by extensions ['cmake', 'python']
[0.410s] Level 1:colcon.colcon_core.package_identification:_identify(projects/week_8) by extension 'cmake'
[0.410s] Level 1:colcon.colcon_core.package_identification:_identify(projects/week_8) by extension 'python'
[0.410s] Level 1:colcon.colcon_core.package_identification:_identify(projects/week_8) by extensions ['python_setup_py']
[0.411s] Level 1:colcon.colcon_core.package_identification:_identify(projects/week_8) by extension 'python_setup_py'
[0.411s] Level 1:colcon.colcon_core.package_identification:_identify(reference_solutions) by extensions ['ignore', 'ignore_ament_install']
[0.411s] Level 1:colcon.colcon_core.package_identification:_identify(reference_solutions) by extension 'ignore'
[0.411s] Level 1:colcon.colcon_core.package_identification:_identify(reference_solutions) ignored
[0.411s] Level 1:colcon.colcon_core.package_identification:_identify(rj_training_bringup) by extensions ['ignore', 'ignore_ament_install']
[0.411s] Level 1:colcon.colcon_core.package_identification:_identify(rj_training_bringup) by extension 'ignore'
[0.411s] Level 1:colcon.colcon_core.package_identification:_identify(rj_training_bringup) by extension 'ignore_ament_install'
[0.411s] Level 1:colcon.colcon_core.package_identification:_identify(rj_training_bringup) by extensions ['colcon_pkg']
[0.411s] Level 1:colcon.colcon_core.package_identification:_identify(rj_training_bringup) by extension 'colcon_pkg'
[0.411s] Level 1:colcon.colcon_core.package_identification:_identify(rj_training_bringup) by extensions ['colcon_meta']
[0.411s] Level 1:colcon.colcon_core.package_identification:_identify(rj_training_bringup) by extension 'colcon_meta'
[0.411s] Level 1:colcon.colcon_core.package_identification:_identify(rj_training_bringup) by extensions ['ros']
[0.411s] Level 1:colcon.colcon_core.package_identification:_identify(rj_training_bringup) by extension 'ros'
[0.412s] DEBUG:colcon.colcon_core.package_identification:Package 'rj_training_bringup' with type 'ros.ament_cmake' and name 'rj_training_bringup'
[0.412s] Level 1:colcon.colcon_core.package_discovery:discover_packages(recursive) using defaults
[0.412s] Level 1:colcon.colcon_core.package_discovery:discover_packages(ignore) discover
[0.412s] Level 1:colcon.colcon_core.package_discovery:discover_packages(ignore) using defaults
[0.412s] Level 1:colcon.colcon_core.package_discovery:discover_packages(path) discover
[0.412s] Level 1:colcon.colcon_core.package_discovery:discover_packages(path) using defaults
[0.431s] Level 5:colcon.colcon_core.verb:set package 'astar_path_planner' build argument 'cmake_args' from command line to 'None'
[0.431s] Level 5:colcon.colcon_core.verb:set package 'astar_path_planner' build argument 'cmake_target' from command line to 'None'
[0.431s] Level 5:colcon.colcon_core.verb:set package 'astar_path_planner' build argument 'cmake_target_skip_unavailable' from command line to 'False'
[0.431s] Level 5:colcon.colcon_core.verb:set package 'astar_path_planner' build argument 'cmake_clean_cache' from command line to 'False'
[0.431s] Level 5:colcon.colcon_core.verb:set package 'astar_path_planner' build argument 'cmake_clean_first' from command line to 'False'
[0.431s] Level 5:colcon.colcon_core.verb:set package 'astar_path_planner' build argument 'cmake_force_configure' from command line to 'False'
[0.431s] Level 5:colcon.colcon_core.verb:set package 'astar_path_planner' build argument 'ament_cmake_args' from command line to 'None'
[0.431s] Level 5:colcon.colcon_core.verb:set package 'astar_path_planner' build argument 'catkin_cmake_args' from command line to 'None'
[0.431s] Level 5:colcon.colcon_core.verb:set package 'astar_path_planner' build argument 'catkin_skip_building_tests' from command line to 'False'
[0.431s] DEBUG:colcon.colcon_core.verb:Building package 'astar_path_planner' with the following arguments: {'ament_cmake_args': None, 'build_base': '/home/henry/training_ws/src/software-training/build/astar_path_planner', 'catkin_cmake_args': None, 'catkin_skip_building_tests': False, 'cmake_args': None, 'cmake_clean_cache': False, 'cmake_clean_first': False, 'cmake_force_configure': False, 'cmake_target': None, 'cmake_target_skip_unavailable': False, 'install_base': '/home/henry/training_ws/src/software-training/install/astar_path_planner', 'merge_install': False, 'path': '/home/henry/training_ws/src/software-training/astar_path_planner', 'symlink_install': False, 'test_result_base': None}
[0.433s] Level 5:colcon.colcon_core.verb:set package 'coordinate_transform' build argument 'cmake_args' from command line to 'None'
[0.433s] Level 5:colcon.colcon_core.verb:set package 'coordinate_transform' build argument 'cmake_target' from command line to 'None'
[0.433s] Level 5:colcon.colcon_core.verb:set package 'coordinate_transform' build argument 'cmake_target_skip_unavailable' from command line to 'False'
[0.433s] Level 5:colcon.colcon_core.verb:set package 'coordinate_transform' build argument 'cmake_clean_cache' from command line to 'False'
[0.433s] Level 5:colcon.colcon_core.verb:set package 'coordinate_transform' build argument 'cmake_clean_first' from command line to 'False'
[0.433s] Level 5:colcon.colcon_core.verb:set package 'coordinate_transform' build argument 'cmake_force_configure' from command line to 'False'
[0.434s] Level 5:colcon.colcon_core.verb:set package 'coordinate_transform' build argument 'ament_cmake_args' from command line to 'None'
[0.434s] Level 5:colcon.colcon_core.verb:set package 'coordinate_transform' build argument 'catkin_cmake_args' from command line to 'None'
[0.434s] Level 5:colcon.colcon_core.verb:set package 'coordinate_transform' build argument 'catkin_skip_building_tests' from command line to 'False'
[0.434s] DEBUG:colcon.colcon_core.verb:Building package 'coordinate_transform' with the following arguments: {'ament_cmake_args': None, 'build_base': '/home/henry/training_ws/src/software-training/build/coordinate_transform', 'catkin_cmake_args': None, 'catkin_skip_building_tests': False, 'cmake_args': None, 'cmake_clean_cache': False, 'cmake_clean_first': False, 'cmake_force_configure': False, 'cmake_target': None, 'cmake_target_skip_unavailable': False, 'install_base': '/home/henry/training_ws/src/software-training/install/coordinate_transform', 'merge_install': False, 'path': '/home/henry/training_ws/src/software-training/coordinate_transform', 'symlink_install': False, 'test_result_base': None}
[0.436s] Level 5:colcon.colcon_core.verb:set package 'localization' build argument 'cmake_args' from command line to 'None'
[0.436s] Level 5:colcon.colcon_core.verb:set package 'localization' build argument 'cmake_target' from command line to 'None'
[0.436s] Level 5:colcon.colcon_core.verb:set package 'localization' build argument 'cmake_target_skip_unavailable' from command line to 'False'
[0.436s] Level 5:colcon.colcon_core.verb:set package 'localization' build argument 'cmake_clean_cache' from command line to 'False'
[0.436s] Level 5:colcon.colcon_core.verb:set package 'localization' build argument 'cmake_clean_first' from command line to 'False'
[0.436s] Level 5:colcon.colcon_core.verb:set package 'localization' build argument 'cmake_force_configure' from command line to 'False'
[0.436s] Level 5:colcon.colcon_core.verb:set package 'localization' build argument 'ament_cmake_args' from command line to 'None'
[0.436s] Level 5:colcon.colcon_core.verb:set package 'localization' build argument 'catkin_cmake_args' from command line to 'None'
[0.436s] Level 5:colcon.colcon_core.verb:set package 'localization' build argument 'catkin_skip_building_tests' from command line to 'False'
[0.436s] DEBUG:colcon.colcon_core.verb:Building package 'localization' with the following arguments: {'ament_cmake_args': None, 'build_base': '/home/henry/training_ws/src/software-training/build/localization', 'catkin_cmake_args': None, 'catkin_skip_building_tests': False, 'cmake_args': None, 'cmake_clean_cache': False, 'cmake_clean_first': False, 'cmake_force_configure': False, 'cmake_target': None, 'cmake_target_skip_unavailable': False, 'install_base': '/home/henry/training_ws/src/software-training/install/localization', 'merge_install': False, 'path': '/home/henry/training_ws/src/software-training/localization', 'symlink_install': False, 'test_result_base': None}
[0.438s] Level 5:colcon.colcon_core.verb:set package 'lqr_control' build argument 'cmake_args' from command line to 'None'
[0.438s] Level 5:colcon.colcon_core.verb:set package 'lqr_control' build argument 'cmake_target' from command line to 'None'
[0.438s] Level 5:colcon.colcon_core.verb:set package 'lqr_control' build argument 'cmake_target_skip_unavailable' from command line to 'False'
[0.438s] Level 5:colcon.colcon_core.verb:set package 'lqr_control' build argument 'cmake_clean_cache' from command line to 'False'
[0.438s] Level 5:colcon.colcon_core.verb:set package 'lqr_control' build argument 'cmake_clean_first' from command line to 'False'
[0.438s] Level 5:colcon.colcon_core.verb:set package 'lqr_control' build argument 'cmake_force_configure' from command line to 'False'
[0.438s] Level 5:colcon.colcon_core.verb:set package 'lqr_control' build argument 'ament_cmake_args' from command line to 'None'
[0.438s] Level 5:colcon.colcon_core.verb:set package 'lqr_control' build argument 'catkin_cmake_args' from command line to 'None'
[0.438s] Level 5:colcon.colcon_core.verb:set package 'lqr_control' build argument 'catkin_skip_building_tests' from command line to 'False'
[0.439s] DEBUG:colcon.colcon_core.verb:Building package 'lqr_control' with the following arguments: {'ament_cmake_args': None, 'build_base': '/home/henry/training_ws/src/software-training/build/lqr_control', 'catkin_cmake_args': None, 'catkin_skip_building_tests': False, 'cmake_args': None, 'cmake_clean_cache': False, 'cmake_clean_first': False, 'cmake_force_configure': False, 'cmake_target': None, 'cmake_target_skip_unavailable': False, 'install_base': '/home/henry/training_ws/src/software-training/install/lqr_control', 'merge_install': False, 'path': '/home/henry/training_ws/src/software-training/lqr_control', 'symlink_install': False, 'test_result_base': None}
[0.441s] Level 5:colcon.colcon_core.verb:set package 'mapping' build argument 'cmake_args' from command line to 'None'
[0.441s] Level 5:colcon.colcon_core.verb:set package 'mapping' build argument 'cmake_target' from command line to 'None'
[0.441s] Level 5:colcon.colcon_core.verb:set package 'mapping' build argument 'cmake_target_skip_unavailable' from command line to 'False'
[0.441s] Level 5:colcon.colcon_core.verb:set package 'mapping' build argument 'cmake_clean_cache' from command line to 'False'
[0.441s] Level 5:colcon.colcon_core.verb:set package 'mapping' build argument 'cmake_clean_first' from command line to 'False'
[0.441s] Level 5:colcon.colcon_core.verb:set package 'mapping' build argument 'cmake_force_configure' from command line to 'False'
[0.441s] Level 5:colcon.colcon_core.verb:set package 'mapping' build argument 'ament_cmake_args' from command line to 'None'
[0.441s] Level 5:colcon.colcon_core.verb:set package 'mapping' build argument 'catkin_cmake_args' from command line to 'None'
[0.441s] Level 5:colcon.colcon_core.verb:set package 'mapping' build argument 'catkin_skip_building_tests' from command line to 'False'
[0.441s] DEBUG:colcon.colcon_core.verb:Building package 'mapping' with the following arguments: {'ament_cmake_args': None, 'build_base': '/home/henry/training_ws/src/software-training/build/mapping', 'catkin_cmake_args': None, 'catkin_skip_building_tests': False, 'cmake_args': None, 'cmake_clean_cache': False, 'cmake_clean_first': False, 'cmake_force_configure': False, 'cmake_target': None, 'cmake_target_skip_unavailable': False, 'install_base': '/home/henry/training_ws/src/software-training/install/mapping', 'merge_install': False, 'path': '/home/henry/training_ws/src/software-training/mapping', 'symlink_install': False, 'test_result_base': None}
[0.443s] Level 5:colcon.colcon_core.verb:set package 'mineral_deposit_tracking' build argument 'cmake_args' from command line to 'None'
[0.443s] Level 5:colcon.colcon_core.verb:set package 'mineral_deposit_tracking' build argument 'cmake_target' from command line to 'None'
[0.443s] Level 5:colcon.colcon_core.verb:set package 'mineral_deposit_tracking' build argument 'cmake_target_skip_unavailable' from command line to 'False'
[0.443s] Level 5:colcon.colcon_core.verb:set package 'mineral_deposit_tracking' build argument 'cmake_clean_cache' from command line to 'False'
[0.443s] Level 5:colcon.colcon_core.verb:set package 'mineral_deposit_tracking' build argument 'cmake_clean_first' from command line to 'False'
[0.443s] Level 5:colcon.colcon_core.verb:set package 'mineral_deposit_tracking' build argument 'cmake_force_configure' from command line to 'False'
[0.443s] Level 5:colcon.colcon_core.verb:set package 'mineral_deposit_tracking' build argument 'ament_cmake_args' from command line to 'None'
[0.443s] Level 5:colcon.colcon_core.verb:set package 'mineral_deposit_tracking' build argument 'catkin_cmake_args' from command line to 'None'
[0.443s] Level 5:colcon.colcon_core.verb:set package 'mineral_deposit_tracking' build argument 'catkin_skip_building_tests' from command line to 'False'
[0.443s] DEBUG:colcon.colcon_core.verb:Building package 'mineral_deposit_tracking' with the following arguments: {'ament_cmake_args': None, 'build_base': '/home/henry/training_ws/src/software-training/build/mineral_deposit_tracking', 'catkin_cmake_args': None, 'catkin_skip_building_tests': False, 'cmake_args': None, 'cmake_clean_cache': False, 'cmake_clean_first': False, 'cmake_force_configure': False, 'cmake_target': None, 'cmake_target_skip_unavailable': False, 'install_base': '/home/henry/training_ws/src/software-training/install/mineral_deposit_tracking', 'merge_install': False, 'path': '/home/henry/training_ws/src/software-training/mineral_deposit_tracking', 'symlink_install': False, 'test_result_base': None}
[0.445s] Level 5:colcon.colcon_core.verb:set package 'obstacle_detector' build argument 'cmake_args' from command line to 'None'
[0.445s] Level 5:colcon.colcon_core.verb:set package 'obstacle_detector' build argument 'cmake_target' from command line to 'None'
[0.446s] Level 5:colcon.colcon_core.verb:set package 'obstacle_detector' build argument 'cmake_target_skip_unavailable' from command line to 'False'
[0.446s] Level 5:colcon.colcon_core.verb:set package 'obstacle_detector' build argument 'cmake_clean_cache' from command line to 'False'
[0.446s] Level 5:colcon.colcon_core.verb:set package 'obstacle_detector' build argument 'cmake_clean_first' from command line to 'False'
[0.446s] Level 5:colcon.colcon_core.verb:set package 'obstacle_detector' build argument 'cmake_force_configure' from command line to 'False'
[0.446s] Level 5:colcon.colcon_core.verb:set package 'obstacle_detector' build argument 'ament_cmake_args' from command line to 'None'
[0.446s] Level 5:colcon.colcon_core.verb:set package 'obstacle_detector' build argument 'catkin_cmake_args' from command line to 'None'
[0.446s] Level 5:colcon.colcon_core.verb:set package 'obstacle_detector' build argument 'catkin_skip_building_tests' from command line to 'False'
[0.446s] DEBUG:colcon.colcon_core.verb:Building package 'obstacle_detector' with the following arguments: {'ament_cmake_args': None, 'build_base': '/home/henry/training_ws/src/software-training/build/obstacle_detector', 'catkin_cmake_args': None, 'catkin_skip_building_tests': False, 'cmake_args': None, 'cmake_clean_cache': False, 'cmake_clean_first': False, 'cmake_force_configure': False, 'cmake_target': None, 'cmake_target_skip_unavailable': False, 'install_base': '/home/henry/training_ws/src/software-training/install/obstacle_detector', 'merge_install': False, 'path': '/home/henry/training_ws/src/software-training/obstacle_detector', 'symlink_install': False, 'test_result_base': None}
[0.448s] Level 5:colcon.colcon_core.verb:set package 'peak_finder' build argument 'cmake_args' from command line to 'None'
[0.448s] Level 5:colcon.colcon_core.verb:set package 'peak_finder' build argument 'cmake_target' from command line to 'None'
[0.448s] Level 5:colcon.colcon_core.verb:set package 'peak_finder' build argument 'cmake_target_skip_unavailable' from command line to 'False'
[0.448s] Level 5:colcon.colcon_core.verb:set package 'peak_finder' build argument 'cmake_clean_cache' from command line to 'False'
[0.448s] Level 5:colcon.colcon_core.verb:set package 'peak_finder' build argument 'cmake_clean_first' from command line to 'False'
[0.448s] Level 5:colcon.colcon_core.verb:set package 'peak_finder' build argument 'cmake_force_configure' from command line to 'False'
[0.448s] Level 5:colcon.colcon_core.verb:set package 'peak_finder' build argument 'ament_cmake_args' from command line to 'None'
[0.448s] Level 5:colcon.colcon_core.verb:set package 'peak_finder' build argument 'catkin_cmake_args' from command line to 'None'
[0.448s] Level 5:colcon.colcon_core.verb:set package 'peak_finder' build argument 'catkin_skip_building_tests' from command line to 'False'
[0.448s] DEBUG:colcon.colcon_core.verb:Building package 'peak_finder' with the following arguments: {'ament_cmake_args': None, 'build_base': '/home/henry/training_ws/src/software-training/build/peak_finder', 'catkin_cmake_args': None, 'catkin_skip_building_tests': False, 'cmake_args': None, 'cmake_clean_cache': False, 'cmake_clean_first': False, 'cmake_force_configure': False, 'cmake_target': None, 'cmake_target_skip_unavailable': False, 'install_base': '/home/henry/training_ws/src/software-training/install/peak_finder', 'merge_install': False, 'path': '/home/henry/training_ws/src/software-training/peak_finder', 'symlink_install': False, 'test_result_base': None}
[0.450s] Level 5:colcon.colcon_core.verb:set package 'rj_training_bringup' build argument 'cmake_args' from command line to 'None'
[0.450s] Level 5:colcon.colcon_core.verb:set package 'rj_training_bringup' build argument 'cmake_target' from command line to 'None'
[0.450s] Level 5:colcon.colcon_core.verb:set package 'rj_training_bringup' build argument 'cmake_target_skip_unavailable' from command line to 'False'
[0.450s] Level 5:colcon.colcon_core.verb:set package 'rj_training_bringup' build argument 'cmake_clean_cache' from command line to 'False'
[0.450s] Level 5:colcon.colcon_core.verb:set package 'rj_training_bringup' build argument 'cmake_clean_first' from command line to 'False'
[0.450s] Level 5:colcon.colcon_core.verb:set package 'rj_training_bringup' build argument 'cmake_force_configure' from command line to 'False'
[0.450s] Level 5:colcon.colcon_core.verb:set package 'rj_training_bringup' build argument 'ament_cmake_args' from command line to 'None'
[0.450s] Level 5:colcon.colcon_core.verb:set package 'rj_training_bringup' build argument 'catkin_cmake_args' from command line to 'None'
[0.450s] Level 5:colcon.colcon_core.verb:set package 'rj_training_bringup' build argument 'catkin_skip_building_tests' from command line to 'False'
[0.450s] DEBUG:colcon.colcon_core.verb:Building package 'rj_training_bringup' with the following arguments: {'ament_cmake_args': None, 'build_base': '/home/henry/training_ws/src/software-training/build/rj_training_bringup', 'catkin_cmake_args': None, 'catkin_skip_building_tests': False, 'cmake_args': None, 'cmake_clean_cache': False, 'cmake_clean_first': False, 'cmake_force_configure': False, 'cmake_target': None, 'cmake_target_skip_unavailable': False, 'install_base': '/home/henry/training_ws/src/software-training/install/rj_training_bringup', 'merge_install': False, 'path': '/home/henry/training_ws/src/software-training/rj_training_bringup', 'symlink_install': False, 'test_result_base': None}
[0.451s] INFO:colcon.colcon_core.executor:Executing jobs using 'parallel' executor
[0.452s] DEBUG:colcon.colcon_parallel_executor.executor.parallel:run_until_complete
[0.453s] INFO:colcon.colcon_ros.task.ament_cmake.build:Building ROS package in '/home/henry/training_ws/src/software-training/astar_path_planner' with build type 'ament_cmake'
[0.453s] INFO:colcon.colcon_cmake.task.cmake.build:Building CMake package in '/home/henry/training_ws/src/software-training/astar_path_planner'
[0.458s] INFO:colcon.colcon_core.plugin_system:Skipping extension 'colcon_core.shell.bat': Not used on non-Windows systems
[0.458s] INFO:colcon.colcon_core.shell:Skip shell extension 'powershell' for command environment: Not usable outside of PowerShell
[0.458s] DEBUG:colcon.colcon_core.shell:Skip shell extension 'dsv' for command environment
[0.462s] DEBUG:colcon.colcon_core.shell:Ignoring prefix path '/opt/ros/foxy'
[0.464s] INFO:colcon.colcon_ros.task.ament_cmake.build:Building ROS package in '/home/henry/training_ws/src/software-training/coordinate_transform' with build type 'ament_cmake'
[0.464s] INFO:colcon.colcon_cmake.task.cmake.build:Building CMake package in '/home/henry/training_ws/src/software-training/coordinate_transform'
[0.465s] INFO:colcon.colcon_core.shell:Skip shell extension 'powershell' for command environment: Not usable outside of PowerShell
[0.465s] DEBUG:colcon.colcon_core.shell:Skip shell extension 'dsv' for command environment
[0.467s] DEBUG:colcon.colcon_core.shell:Ignoring prefix path '/opt/ros/foxy'
[0.469s] INFO:colcon.colcon_ros.task.ament_cmake.build:Building ROS package in '/home/henry/training_ws/src/software-training/localization' with build type 'ament_cmake'
[0.469s] INFO:colcon.colcon_cmake.task.cmake.build:Building CMake package in '/home/henry/training_ws/src/software-training/localization'
[0.470s] INFO:colcon.colcon_core.shell:Skip shell extension 'powershell' for command environment: Not usable outside of PowerShell
[0.470s] DEBUG:colcon.colcon_core.shell:Skip shell extension 'dsv' for command environment
[0.472s] DEBUG:colcon.colcon_core.shell:Ignoring prefix path '/opt/ros/foxy'
[0.474s] INFO:colcon.colcon_ros.task.ament_cmake.build:Building ROS package in '/home/henry/training_ws/src/software-training/lqr_control' with build type 'ament_cmake'
[0.474s] INFO:colcon.colcon_cmake.task.cmake.build:Building CMake package in '/home/henry/training_ws/src/software-training/lqr_control'
[0.475s] INFO:colcon.colcon_core.shell:Skip shell extension 'powershell' for command environment: Not usable outside of PowerShell
[0.475s] DEBUG:colcon.colcon_core.shell:Skip shell extension 'dsv' for command environment
[0.477s] DEBUG:colcon.colcon_core.shell:Ignoring prefix path '/opt/ros/foxy'
[0.478s] INFO:colcon.colcon_ros.task.ament_cmake.build:Building ROS package in '/home/henry/training_ws/src/software-training/mapping' with build type 'ament_cmake'
[0.479s] INFO:colcon.colcon_cmake.task.cmake.build:Building CMake package in '/home/henry/training_ws/src/software-training/mapping'
[0.479s] INFO:colcon.colcon_core.shell:Skip shell extension 'powershell' for command environment: Not usable outside of PowerShell
[0.480s] DEBUG:colcon.colcon_core.shell:Skip shell extension 'dsv' for command environment
[0.482s] DEBUG:colcon.colcon_core.shell:Ignoring prefix path '/opt/ros/foxy'
[0.484s] INFO:colcon.colcon_ros.task.ament_cmake.build:Building ROS package in '/home/henry/training_ws/src/software-training/mineral_deposit_tracking' with build type 'ament_cmake'
[0.484s] INFO:colcon.colcon_cmake.task.cmake.build:Building CMake package in '/home/henry/training_ws/src/software-training/mineral_deposit_tracking'
[0.485s] INFO:colcon.colcon_core.shell:Skip shell extension 'powershell' for command environment: Not usable outside of PowerShell
[0.485s] DEBUG:colcon.colcon_core.shell:Skip shell extension 'dsv' for command environment
[0.487s] DEBUG:colcon.colcon_core.shell:Ignoring prefix path '/opt/ros/foxy'
[0.489s] INFO:colcon.colcon_ros.task.ament_cmake.build:Building ROS package in '/home/henry/training_ws/src/software-training/obstacle_detector' with build type 'ament_cmake'
[0.489s] INFO:colcon.colcon_cmake.task.cmake.build:Building CMake package in '/home/henry/training_ws/src/software-training/obstacle_detector'
[0.490s] INFO:colcon.colcon_core.shell:Skip shell extension 'powershell' for command environment: Not usable outside of PowerShell
[0.490s] DEBUG:colcon.colcon_core.shell:Skip shell extension 'dsv' for command environment
[0.493s] DEBUG:colcon.colcon_core.shell:Ignoring prefix path '/opt/ros/foxy'
[0.495s] INFO:colcon.colcon_ros.task.ament_cmake.build:Building ROS package in '/home/henry/training_ws/src/software-training/peak_finder' with build type 'ament_cmake'
[0.495s] INFO:colcon.colcon_cmake.task.cmake.build:Building CMake package in '/home/henry/training_ws/src/software-training/peak_finder'
[0.496s] INFO:colcon.colcon_core.shell:Skip shell extension 'powershell' for command environment: Not usable outside of PowerShell
[0.496s] DEBUG:colcon.colcon_core.shell:Skip shell extension 'dsv' for command environment
[0.498s] DEBUG:colcon.colcon_core.shell:Ignoring prefix path '/opt/ros/foxy'
[0.500s] INFO:colcon.colcon_ros.task.ament_cmake.build:Building ROS package in '/home/henry/training_ws/src/software-training/rj_training_bringup' with build type 'ament_cmake'
[0.500s] INFO:colcon.colcon_cmake.task.cmake.build:Building CMake package in '/home/henry/training_ws/src/software-training/rj_training_bringup'
[0.501s] INFO:colcon.colcon_core.shell:Skip shell extension 'powershell' for command environment: Not usable outside of PowerShell
[0.501s] DEBUG:colcon.colcon_core.shell:Skip shell extension 'dsv' for command environment
[0.503s] DEBUG:colcon.colcon_core.shell:Ignoring prefix path '/opt/ros/foxy'
[0.512s] DEBUG:colcon.colcon_core.event_handler.log_command:Invoking command in '/home/henry/training_ws/src/software-training/build/astar_path_planner': CMAKE_PREFIX_PATH=${CMAKE_PREFIX_PATH}:/opt/ros/foxy /usr/bin/cmake --build /home/henry/training_ws/src/software-training/build/astar_path_planner -- -j12 -l12
[0.518s] DEBUG:colcon.colcon_core.event_handler.log_command:Invoking command in '/home/henry/training_ws/src/software-training/build/coordinate_transform': CMAKE_PREFIX_PATH=${CMAKE_PREFIX_PATH}:/opt/ros/foxy /usr/bin/cmake --build /home/henry/training_ws/src/software-training/build/coordinate_transform -- -j12 -l12
[0.523s] DEBUG:colcon.colcon_core.event_handler.log_command:Invoking command in '/home/henry/training_ws/src/software-training/build/localization': CMAKE_PREFIX_PATH=${CMAKE_PREFIX_PATH}:/opt/ros/foxy /usr/bin/cmake --build /home/henry/training_ws/src/software-training/build/localization -- -j12 -l12
[0.530s] DEBUG:colcon.colcon_core.event_handler.log_command:Invoking command in '/home/henry/training_ws/src/software-training/build/lqr_control': CMAKE_PREFIX_PATH=${CMAKE_PREFIX_PATH}:/opt/ros/foxy /usr/bin/cmake --build /home/henry/training_ws/src/software-training/build/lqr_control -- -j12 -l12
[0.534s] DEBUG:colcon.colcon_core.event_handler.log_command:Invoking command in '/home/henry/training_ws/src/software-training/build/mapping': CMAKE_PREFIX_PATH=${CMAKE_PREFIX_PATH}:/opt/ros/foxy /usr/bin/cmake --build /home/henry/training_ws/src/software-training/build/mapping -- -j12 -l12
[0.542s] DEBUG:colcon.colcon_core.event_handler.log_command:Invoking command in '/home/henry/training_ws/src/software-training/build/mineral_deposit_tracking': CMAKE_PREFIX_PATH=${CMAKE_PREFIX_PATH}:/opt/ros/foxy /usr/bin/cmake --build /home/henry/training_ws/src/software-training/build/mineral_deposit_tracking -- -j12 -l12
[0.546s] DEBUG:colcon.colcon_core.event_handler.log_command:Invoking command in '/home/henry/training_ws/src/software-training/build/obstacle_detector': CMAKE_PREFIX_PATH=${CMAKE_PREFIX_PATH}:/opt/ros/foxy /usr/bin/cmake --build /home/henry/training_ws/src/software-training/build/obstacle_detector -- -j12 -l12
[0.553s] DEBUG:colcon.colcon_core.event_handler.log_command:Invoking command in '/home/henry/training_ws/src/software-training/build/peak_finder': CMAKE_PREFIX_PATH=${CMAKE_PREFIX_PATH}:/opt/ros/foxy /usr/bin/cmake --build /home/henry/training_ws/src/software-training/build/peak_finder -- -j12 -l12
[0.559s] DEBUG:colcon.colcon_core.event_handler.log_command:Invoking command in '/home/henry/training_ws/src/software-training/build/rj_training_bringup': CMAKE_PREFIX_PATH=${CMAKE_PREFIX_PATH}:/opt/ros/foxy /usr/bin/cmake --build /home/henry/training_ws/src/software-training/build/rj_training_bringup -- -j12 -l12
[0.571s] DEBUG:colcon.colcon_core.event_handler.log_command:Invoked command in '/home/henry/training_ws/src/software-training/build/astar_path_planner' returned '2': CMAKE_PREFIX_PATH=${CMAKE_PREFIX_PATH}:/opt/ros/foxy /usr/bin/cmake --build /home/henry/training_ws/src/software-training/build/astar_path_planner -- -j12 -l12
[0.572s] DEBUG:colcon.colcon_core.event_handler.log_command:Invoked command in '/home/henry/training_ws/src/software-training/build/coordinate_transform' returned '2': CMAKE_PREFIX_PATH=${CMAKE_PREFIX_PATH}:/opt/ros/foxy /usr/bin/cmake --build /home/henry/training_ws/src/software-training/build/coordinate_transform -- -j12 -l12
[0.577s] DEBUG:colcon.colcon_core.event_handler.log_command:Invoked command in '/home/henry/training_ws/src/software-training/build/mineral_deposit_tracking' returned '2': CMAKE_PREFIX_PATH=${CMAKE_PREFIX_PATH}:/opt/ros/foxy /usr/bin/cmake --build /home/henry/training_ws/src/software-training/build/mineral_deposit_tracking -- -j12 -l12
[0.583s] DEBUG:colcon.colcon_core.event_handler.log_command:Invoked command in '/home/henry/training_ws/src/software-training/build/obstacle_detector' returned '2': CMAKE_PREFIX_PATH=${CMAKE_PREFIX_PATH}:/opt/ros/foxy /usr/bin/cmake --build /home/henry/training_ws/src/software-training/build/obstacle_detector -- -j12 -l12
[0.588s] DEBUG:colcon.colcon_core.event_handler.log_command:Invoked command in '/home/henry/training_ws/src/software-training/build/peak_finder' returned '2': CMAKE_PREFIX_PATH=${CMAKE_PREFIX_PATH}:/opt/ros/foxy /usr/bin/cmake --build /home/henry/training_ws/src/software-training/build/peak_finder -- -j12 -l12
[0.594s] DEBUG:colcon.colcon_core.event_handler.log_command:Invoked command in '/home/henry/training_ws/src/software-training/build/rj_training_bringup' returned '2': CMAKE_PREFIX_PATH=${CMAKE_PREFIX_PATH}:/opt/ros/foxy /usr/bin/cmake --build /home/henry/training_ws/src/software-training/build/rj_training_bringup -- -j12 -l12
[0.605s] Level 1:colcon.colcon_core.environment:create_environment_scripts_only(astar_path_planner)
[0.612s] Level 1:colcon.colcon_core.environment:checking '/home/henry/training_ws/src/software-training/install/astar_path_planner' for CMake module files
[0.613s] Level 1:colcon.colcon_core.environment:checking '/home/henry/training_ws/src/software-training/install/astar_path_planner' for CMake config files
[0.614s] Level 1:colcon.colcon_core.environment:checking '/home/henry/training_ws/src/software-training/install/astar_path_planner/bin'
[0.614s] Level 1:colcon.colcon_core.environment:checking '/home/henry/training_ws/src/software-training/install/astar_path_planner/lib/pkgconfig/astar_path_planner.pc'
[0.614s] Level 1:colcon.colcon_core.environment:checking '/home/henry/training_ws/src/software-training/install/astar_path_planner/lib/python3.8/site-packages'
[0.615s] INFO:colcon.colcon_core.shell:Creating package script '/home/henry/training_ws/src/software-training/install/astar_path_planner/share/astar_path_planner/package.ps1'
[0.617s] INFO:colcon.colcon_core.shell:Creating package descriptor '/home/henry/training_ws/src/software-training/install/astar_path_planner/share/astar_path_planner/package.dsv'
[0.618s] INFO:colcon.colcon_core.shell:Creating package script '/home/henry/training_ws/src/software-training/install/astar_path_planner/share/astar_path_planner/package.sh'
[0.619s] INFO:colcon.colcon_core.shell:Creating package script '/home/henry/training_ws/src/software-training/install/astar_path_planner/share/astar_path_planner/package.bash'
[0.620s] INFO:colcon.colcon_core.shell:Creating package script '/home/henry/training_ws/src/software-training/install/astar_path_planner/share/astar_path_planner/package.zsh'
[0.622s] Level 1:colcon.colcon_core.environment:create_file_with_runtime_dependencies(/home/henry/training_ws/src/software-training/install/astar_path_planner/share/colcon-core/packages/astar_path_planner)
[9.149s] DEBUG:colcon.colcon_parallel_executor.executor.parallel:closing loop
[9.149s] DEBUG:colcon.colcon_parallel_executor.executor.parallel:loop closed
[9.149s] DEBUG:colcon.colcon_parallel_executor.executor.parallel:run_until_complete finished with '2'
[9.149s] DEBUG:colcon.colcon_core.event_reactor:joining thread
[9.155s] INFO:colcon.colcon_core.plugin_system:Skipping extension 'colcon_notification.desktop_notification.terminal_notifier': Not used on non-Darwin systems
[9.155s] INFO:colcon.colcon_core.plugin_system:Skipping extension 'colcon_notification.desktop_notification.win32': Not used on non-Windows systems
[9.155s] INFO:colcon.colcon_notification.desktop_notification:Sending desktop notification using 'notify2'
[9.173s] DEBUG:colcon.colcon_core.event_reactor:joined thread
[9.174s] INFO:colcon.colcon_core.shell:Creating prefix script '/home/henry/training_ws/src/software-training/install/local_setup.ps1'
[9.175s] INFO:colcon.colcon_core.shell:Creating prefix util module '/home/henry/training_ws/src/software-training/install/_local_setup_util_ps1.py'
[9.176s] INFO:colcon.colcon_core.shell:Creating prefix chain script '/home/henry/training_ws/src/software-training/install/setup.ps1'
[9.178s] INFO:colcon.colcon_core.shell:Creating prefix script '/home/henry/training_ws/src/software-training/install/local_setup.sh'
[9.179s] INFO:colcon.colcon_core.shell:Creating prefix util module '/home/henry/training_ws/src/software-training/install/_local_setup_util_sh.py'
[9.179s] INFO:colcon.colcon_core.shell:Creating prefix chain script '/home/henry/training_ws/src/software-training/install/setup.sh'
[9.182s] INFO:colcon.colcon_core.shell:Creating prefix script '/home/henry/training_ws/src/software-training/install/local_setup.bash'
[9.182s] INFO:colcon.colcon_core.shell:Creating prefix chain script '/home/henry/training_ws/src/software-training/install/setup.bash'
[9.185s] INFO:colcon.colcon_core.shell:Creating prefix script '/home/henry/training_ws/src/software-training/install/local_setup.zsh'
[9.185s] INFO:colcon.colcon_core.shell:Creating prefix chain script '/home/henry/training_ws/src/software-training/install/setup.zsh'
