[0.262s] DEBUG:colcon:Command line arguments: ['/usr/bin/colcon', 'build']
[0.262s] DEBUG:colcon:Parsed command line arguments: Namespace(ament_cmake_args=None, base_paths=['.'], build_base='build', catkin_cmake_args=None, catkin_skip_building_tests=False, cmake_args=None, cmake_clean_cache=False, cmake_clean_first=False, cmake_force_configure=False, cmake_target=None, cmake_target_skip_unavailable=False, continue_on_error=False, event_handlers=None, executor='parallel', ignore_user_meta=False, install_base='install', log_base=None, log_level=None, main=<bound method BuildVerb.main of <colcon_core.verb.build.BuildVerb object at 0x7f9605990340>>, merge_install=False, metas=['./colcon.meta'], packages_above=None, packages_above_and_dependencies=None, packages_above_depth=None, packages_end=None, packages_ignore=None, packages_ignore_regex=None, packages_select=None, packages_select_build_failed=False, packages_select_by_dep=None, packages_select_regex=None, packages_select_test_failures=False, packages_skip=None, packages_skip_build_finished=False, packages_skip_by_dep=None, packages_skip_regex=None, packages_skip_test_passed=False, packages_skip_up_to=None, packages_start=None, packages_up_to=None, packages_up_to_regex=None, parallel_workers=12, paths=None, symlink_install=False, test_result_base=None, verb_extension=<colcon_core.verb.build.BuildVerb object at 0x7f9605990340>, verb_name='build', verb_parser=<colcon_defaults.argument_parser.defaults.DefaultArgumentsDecorator object at 0x7f9605990880>)
[0.271s] Level 1:colcon.colcon_core.package_discovery:discover_packages(colcon_meta) check parameters
[0.271s] Level 1:colcon.colcon_core.package_discovery:discover_packages(recursive) check parameters
[0.271s] Level 1:colcon.colcon_core.package_discovery:discover_packages(ignore) check parameters
[0.271s] Level 1:colcon.colcon_core.package_discovery:discover_packages(path) check parameters
[0.271s] Level 1:colcon.colcon_core.package_discovery:discover_packages(colcon_meta) discover
[0.271s] Level 1:colcon.colcon_core.package_discovery:discover_packages(recursive) discover
[0.271s] INFO:colcon.colcon_core.package_discovery:Crawling recursively for packages in '/home/henry/training_ws/src/software-training/coordinate_transform'
[0.272s] Level 1:colcon.colcon_core.package_identification:_identify(.) by extensions ['ignore', 'ignore_ament_install']
[0.272s] Level 1:colcon.colcon_core.package_identification:_identify(.) by extension 'ignore'
[0.272s] Level 1:colcon.colcon_core.package_identification:_identify(.) by extension 'ignore_ament_install'
[0.272s] Level 1:colcon.colcon_core.package_identification:_identify(.) by extensions ['colcon_pkg']
[0.272s] Level 1:colcon.colcon_core.package_identification:_identify(.) by extension 'colcon_pkg'
[0.272s] Level 1:colcon.colcon_core.package_identification:_identify(.) by extensions ['colcon_meta']
[0.272s] Level 1:colcon.colcon_core.package_identification:_identify(.) by extension 'colcon_meta'
[0.272s] Level 1:colcon.colcon_core.package_identification:_identify(.) by extensions ['ros']
[0.272s] Level 1:colcon.colcon_core.package_identification:_identify(.) by extension 'ros'
[0.287s] DEBUG:colcon.colcon_core.package_identification:Package '.' with type 'ros.ament_cmake' and name 'coordinate_transform'
[0.287s] Level 1:colcon.colcon_core.package_discovery:discover_packages(recursive) using defaults
[0.287s] Level 1:colcon.colcon_core.package_discovery:discover_packages(ignore) discover
[0.287s] Level 1:colcon.colcon_core.package_discovery:discover_packages(ignore) using defaults
[0.287s] Level 1:colcon.colcon_core.package_discovery:discover_packages(path) discover
[0.287s] Level 1:colcon.colcon_core.package_discovery:discover_packages(path) using defaults
[0.304s] Level 5:colcon.colcon_core.verb:set package 'coordinate_transform' build argument 'cmake_args' from command line to 'None'
[0.304s] Level 5:colcon.colcon_core.verb:set package 'coordinate_transform' build argument 'cmake_target' from command line to 'None'
[0.304s] Level 5:colcon.colcon_core.verb:set package 'coordinate_transform' build argument 'cmake_target_skip_unavailable' from command line to 'False'
[0.304s] Level 5:colcon.colcon_core.verb:set package 'coordinate_transform' build argument 'cmake_clean_cache' from command line to 'False'
[0.304s] Level 5:colcon.colcon_core.verb:set package 'coordinate_transform' build argument 'cmake_clean_first' from command line to 'False'
[0.304s] Level 5:colcon.colcon_core.verb:set package 'coordinate_transform' build argument 'cmake_force_configure' from command line to 'False'
[0.304s] Level 5:colcon.colcon_core.verb:set package 'coordinate_transform' build argument 'ament_cmake_args' from command line to 'None'
[0.304s] Level 5:colcon.colcon_core.verb:set package 'coordinate_transform' build argument 'catkin_cmake_args' from command line to 'None'
[0.304s] Level 5:colcon.colcon_core.verb:set package 'coordinate_transform' build argument 'catkin_skip_building_tests' from command line to 'False'
[0.304s] DEBUG:colcon.colcon_core.verb:Building package 'coordinate_transform' with the following arguments: {'ament_cmake_args': None, 'build_base': '/home/henry/training_ws/src/software-training/coordinate_transform/build/coordinate_transform', 'catkin_cmake_args': None, 'catkin_skip_building_tests': False, 'cmake_args': None, 'cmake_clean_cache': False, 'cmake_clean_first': False, 'cmake_force_configure': False, 'cmake_target': None, 'cmake_target_skip_unavailable': False, 'install_base': '/home/henry/training_ws/src/software-training/coordinate_transform/install/coordinate_transform', 'merge_install': False, 'path': '/home/henry/training_ws/src/software-training/coordinate_transform', 'symlink_install': False, 'test_result_base': None}
[0.305s] INFO:colcon.colcon_core.executor:Executing jobs using 'parallel' executor
[0.306s] DEBUG:colcon.colcon_parallel_executor.executor.parallel:run_until_complete
[0.306s] INFO:colcon.colcon_ros.task.ament_cmake.build:Building ROS package in '/home/henry/training_ws/src/software-training/coordinate_transform' with build type 'ament_cmake'
[0.307s] INFO:colcon.colcon_cmake.task.cmake.build:Building CMake package in '/home/henry/training_ws/src/software-training/coordinate_transform'
[0.310s] INFO:colcon.colcon_core.plugin_system:Skipping extension 'colcon_core.shell.bat': Not used on non-Windows systems
[0.310s] INFO:colcon.colcon_core.shell:Skip shell extension 'powershell' for command environment: Not usable outside of PowerShell
[0.310s] DEBUG:colcon.colcon_core.shell:Skip shell extension 'dsv' for command environment
[0.312s] DEBUG:colcon.colcon_core.shell:Ignoring prefix path '/opt/ros/foxy'
[0.320s] DEBUG:colcon.colcon_core.event_handler.log_command:Invoking command in '/home/henry/training_ws/src/software-training/coordinate_transform/build/coordinate_transform': CMAKE_PREFIX_PATH=${CMAKE_PREFIX_PATH}:/opt/ros/foxy /usr/bin/cmake /home/henry/training_ws/src/software-training/coordinate_transform -DCMAKE_INSTALL_PREFIX=/home/henry/training_ws/src/software-training/coordinate_transform/install/coordinate_transform
[2.632s] DEBUG:colcon.colcon_core.event_handler.log_command:Invoked command in '/home/henry/training_ws/src/software-training/coordinate_transform/build/coordinate_transform' returned '0': CMAKE_PREFIX_PATH=${CMAKE_PREFIX_PATH}:/opt/ros/foxy /usr/bin/cmake /home/henry/training_ws/src/software-training/coordinate_transform -DCMAKE_INSTALL_PREFIX=/home/henry/training_ws/src/software-training/coordinate_transform/install/coordinate_transform
[2.634s] DEBUG:colcon.colcon_core.event_handler.log_command:Invoking command in '/home/henry/training_ws/src/software-training/coordinate_transform/build/coordinate_transform': CMAKE_PREFIX_PATH=${CMAKE_PREFIX_PATH}:/opt/ros/foxy /usr/bin/cmake --build /home/henry/training_ws/src/software-training/coordinate_transform/build/coordinate_transform -- -j12 -l12
[7.125s] DEBUG:colcon.colcon_core.event_handler.log_command:Invoked command in '/home/henry/training_ws/src/software-training/coordinate_transform/build/coordinate_transform' returned '2': CMAKE_PREFIX_PATH=${CMAKE_PREFIX_PATH}:/opt/ros/foxy /usr/bin/cmake --build /home/henry/training_ws/src/software-training/coordinate_transform/build/coordinate_transform -- -j12 -l12
[7.147s] Level 1:colcon.colcon_core.environment:create_environment_scripts_only(coordinate_transform)
[7.150s] Level 1:colcon.colcon_core.environment:checking '/home/henry/training_ws/src/software-training/coordinate_transform/install/coordinate_transform' for CMake module files
[7.150s] Level 1:colcon.colcon_core.environment:checking '/home/henry/training_ws/src/software-training/coordinate_transform/install/coordinate_transform' for CMake config files
[7.150s] Level 1:colcon.colcon_core.environment:checking '/home/henry/training_ws/src/software-training/coordinate_transform/install/coordinate_transform/bin'
[7.150s] Level 1:colcon.colcon_core.environment:checking '/home/henry/training_ws/src/software-training/coordinate_transform/install/coordinate_transform/lib/pkgconfig/coordinate_transform.pc'
[7.150s] Level 1:colcon.colcon_core.environment:checking '/home/henry/training_ws/src/software-training/coordinate_transform/install/coordinate_transform/lib/python3.8/site-packages'
[7.151s] INFO:colcon.colcon_core.shell:Creating package script '/home/henry/training_ws/src/software-training/coordinate_transform/install/coordinate_transform/share/coordinate_transform/package.ps1'
[7.152s] INFO:colcon.colcon_core.shell:Creating package descriptor '/home/henry/training_ws/src/software-training/coordinate_transform/install/coordinate_transform/share/coordinate_transform/package.dsv'
[7.152s] INFO:colcon.colcon_core.shell:Creating package script '/home/henry/training_ws/src/software-training/coordinate_transform/install/coordinate_transform/share/coordinate_transform/package.sh'
[7.153s] INFO:colcon.colcon_core.shell:Creating package script '/home/henry/training_ws/src/software-training/coordinate_transform/install/coordinate_transform/share/coordinate_transform/package.bash'
[7.154s] INFO:colcon.colcon_core.shell:Creating package script '/home/henry/training_ws/src/software-training/coordinate_transform/install/coordinate_transform/share/coordinate_transform/package.zsh'
[7.154s] Level 1:colcon.colcon_core.environment:create_file_with_runtime_dependencies(/home/henry/training_ws/src/software-training/coordinate_transform/install/coordinate_transform/share/colcon-core/packages/coordinate_transform)
[7.155s] DEBUG:colcon.colcon_parallel_executor.executor.parallel:closing loop
[7.155s] DEBUG:colcon.colcon_parallel_executor.executor.parallel:loop closed
[7.156s] DEBUG:colcon.colcon_parallel_executor.executor.parallel:run_until_complete finished with '2'
[7.156s] DEBUG:colcon.colcon_core.event_reactor:joining thread
[7.161s] INFO:colcon.colcon_core.plugin_system:Skipping extension 'colcon_notification.desktop_notification.terminal_notifier': Not used on non-Darwin systems
[7.161s] INFO:colcon.colcon_core.plugin_system:Skipping extension 'colcon_notification.desktop_notification.win32': Not used on non-Windows systems
[7.161s] INFO:colcon.colcon_notification.desktop_notification:Sending desktop notification using 'notify2'
[7.175s] DEBUG:colcon.colcon_core.event_reactor:joined thread
[7.176s] INFO:colcon.colcon_core.shell:Creating prefix script '/home/henry/training_ws/src/software-training/coordinate_transform/install/local_setup.ps1'
[7.177s] INFO:colcon.colcon_core.shell:Creating prefix util module '/home/henry/training_ws/src/software-training/coordinate_transform/install/_local_setup_util_ps1.py'
[7.178s] INFO:colcon.colcon_core.shell:Creating prefix chain script '/home/henry/training_ws/src/software-training/coordinate_transform/install/setup.ps1'
[7.181s] INFO:colcon.colcon_core.shell:Creating prefix script '/home/henry/training_ws/src/software-training/coordinate_transform/install/local_setup.sh'
[7.181s] INFO:colcon.colcon_core.shell:Creating prefix util module '/home/henry/training_ws/src/software-training/coordinate_transform/install/_local_setup_util_sh.py'
[7.181s] INFO:colcon.colcon_core.shell:Creating prefix chain script '/home/henry/training_ws/src/software-training/coordinate_transform/install/setup.sh'
[7.184s] INFO:colcon.colcon_core.shell:Creating prefix script '/home/henry/training_ws/src/software-training/coordinate_transform/install/local_setup.bash'
[7.184s] INFO:colcon.colcon_core.shell:Creating prefix chain script '/home/henry/training_ws/src/software-training/coordinate_transform/install/setup.bash'
[7.186s] INFO:colcon.colcon_core.shell:Creating prefix script '/home/henry/training_ws/src/software-training/coordinate_transform/install/local_setup.zsh'
[7.187s] INFO:colcon.colcon_core.shell:Creating prefix chain script '/home/henry/training_ws/src/software-training/coordinate_transform/install/setup.zsh'
