[0.045s] Invoking command in '/home/henry/training_ws/src/software-training/build/localization': CMAKE_PREFIX_PATH=${CMAKE_PREFIX_PATH}:/opt/ros/foxy /usr/bin/cmake /home/henry/training_ws/src/software-training/localization -DCMAKE_INSTALL_PREFIX=/home/henry/training_ws/src/software-training/install/localization
[0.082s] -- Found ament_cmake: 0.9.9 (/opt/ros/foxy/share/ament_cmake/cmake)
[0.083s] -- Using PYTHON_EXECUTABLE: /usr/bin/python3
[0.249s] -- Found rclcpp: 2.4.0 (/opt/ros/foxy/share/rclcpp/cmake)
[0.279s] -- Using all available rosidl_typesupport_c: rosidl_typesupport_fastrtps_c;rosidl_typesupport_introspection_c
[0.282s] -- Found rosidl_adapter: 1.2.1 (/opt/ros/foxy/share/rosidl_adapter/cmake)
[0.384s] -- Using all available rosidl_typesupport_cpp: rosidl_typesupport_fastrtps_cpp;rosidl_typesupport_introspection_cpp
[0.430s] -- Found rmw_implementation_cmake: 1.0.3 (/opt/ros/foxy/share/rmw_implementation_cmake/cmake)
[0.431s] -- Using RMW implementation 'rmw_fastrtps_cpp' as default
[0.562s] -- Found rclcpp_components: 2.4.0 (/opt/ros/foxy/share/rclcpp_components/cmake)
[0.614s] -- Found stsl_interfaces: 0.0.4 (/opt/ros/foxy/share/stsl_interfaces/cmake)
[0.816s] -- Found sensor_msgs: 2.0.4 (/opt/ros/foxy/share/sensor_msgs/cmake)
[0.885s] -- Found visualization_msgs: 2.0.4 (/opt/ros/foxy/share/visualization_msgs/cmake)
[0.954s] -- Found nav_msgs: 2.0.4 (/opt/ros/foxy/share/nav_msgs/cmake)
[1.020s] -- Found tf2_ros: 0.13.12 (/opt/ros/foxy/share/tf2_ros/cmake)
[1.241s] -- Found tf2_geometry_msgs: 0.13.12 (/opt/ros/foxy/share/tf2_geometry_msgs/cmake)
[1.248s] -- Found eigen3_cmake_module: 0.1.1 (/opt/ros/foxy/share/eigen3_cmake_module/cmake)
[1.251s] -- Found Eigen3: TRUE (found version "3.3.7") 
[1.276s] -- Found angles: 1.12.3 (/opt/ros/foxy/share/angles/cmake)
[1.282s] -- Found ament_lint_auto: 0.9.6 (/opt/ros/foxy/share/ament_lint_auto/cmake)
[1.347s] -- Added test 'copyright' to check source files copyright and LICENSE
[1.348s] -- Added test 'cppcheck' to perform static code analysis on C / C++ code
[1.348s] -- Configured cppcheck include dirs: 
[1.348s] -- Configured cppcheck exclude dirs and/or files: 
[1.349s] -- Added test 'cpplint' to check C / C++ code against the Google style
[1.349s] -- Configured cpplint exclude dirs and/or files: 
[1.349s] -- Added test 'flake8' to check Python code syntax and style conventions
[1.350s] -- Added test 'lint_cmake' to check CMake code style
[1.350s] -- Added test 'pep257' to check Python code against some of the style conventions in PEP 257
[1.351s] -- Added test 'uncrustify' to check C / C++ code style
[1.351s] -- Configured uncrustify additional arguments: 
[1.351s] -- Added test 'xmllint' to check XML markup files
[1.354s] -- Configuring done
[1.370s] -- Generating done
[1.371s] -- Build files have been written to: /home/henry/training_ws/src/software-training/build/localization
