-- Found ament_cmake: 0.9.9 (/opt/ros/foxy/share/ament_cmake/cmake)
-- Using PYTHON_EXECUTABLE: /usr/bin/python3
-- Found rclcpp: 2.4.0 (/opt/ros/foxy/share/rclcpp/cmake)
-- Using all available rosidl_typesupport_c: rosidl_typesupport_fastrtps_c;rosidl_typesupport_introspection_c
-- Found rosidl_adapter: 1.2.1 (/opt/ros/foxy/share/rosidl_adapter/cmake)
-- Using all available rosidl_typesupport_cpp: rosidl_typesupport_fastrtps_cpp;rosidl_typesupport_introspection_cpp
-- Found rmw_implementation_cmake: 1.0.3 (/opt/ros/foxy/share/rmw_implementation_cmake/cmake)
-- Using RMW implementation 'rmw_fastrtps_cpp' as default
-- Found rclcpp_components: 2.4.0 (/opt/ros/foxy/share/rclcpp_components/cmake)
-- Found image_transport: 2.3.0 (/opt/ros/foxy/share/image_transport/cmake)
-- Found cv_bridge: 2.2.1 (/opt/ros/foxy/share/cv_bridge/cmake)
-- Found nav_msgs: 2.0.4 (/opt/ros/foxy/share/nav_msgs/cmake)
-- Found tf2_ros: 0.13.12 (/opt/ros/foxy/share/tf2_ros/cmake)
-- Found tf2_eigen: 0.13.12 (/opt/ros/foxy/share/tf2_eigen/cmake)
-- Found ament_lint_auto: 0.9.6 (/opt/ros/foxy/share/ament_lint_auto/cmake)
-- Added test 'copyright' to check source files copyright and LICENSE
-- Added test 'cppcheck' to perform static code analysis on C / C++ code
-- Configured cppcheck include dirs: 
-- Configured cppcheck exclude dirs and/or files: 
-- Added test 'cpplint' to check C / C++ code against the Google style
-- Configured cpplint exclude dirs and/or files: 
-- Added test 'flake8' to check Python code syntax and style conventions
-- Added test 'lint_cmake' to check CMake code style
-- Added test 'pep257' to check Python code against some of the style conventions in PEP 257
-- Added test 'uncrustify' to check C / C++ code style
-- Configured uncrustify additional arguments: 
-- Added test 'xmllint' to check XML markup files
-- Configuring done
-- Generating done
-- Build files have been written to: /home/henry/training_ws/src/software-training/obstacle_detector/build/obstacle_detector
[35m[1mScanning dependencies of target obstacle_detector[0m
[ 40%] Built target obstacle_detector_node
[ 60%] [32mBuilding CXX object CMakeFiles/obstacle_detector.dir/src/student_functions.cpp.o[0m
[ 80%] [32mBuilding CXX object CMakeFiles/obstacle_detector.dir/src/obstacle_detector.cpp.o[0m
[100%] [32m[1mLinking CXX shared library libobstacle_detector.so[0m
[100%] Built target obstacle_detector
-- Install configuration: ""
-- Up-to-date: /home/henry/training_ws/src/software-training/obstacle_detector/install/obstacle_detector/lib/obstacle_detector/obstacle_detector_node
-- Installing: /home/henry/training_ws/src/software-training/obstacle_detector/install/obstacle_detector/lib/libobstacle_detector.so
-- Set runtime path of "/home/henry/training_ws/src/software-training/obstacle_detector/install/obstacle_detector/lib/libobstacle_detector.so" to ""
-- Up-to-date: /home/henry/training_ws/src/software-training/obstacle_detector/install/obstacle_detector/share/obstacle_detector/launch
-- Up-to-date: /home/henry/training_ws/src/software-training/obstacle_detector/install/obstacle_detector/share/obstacle_detector/launch/obstacle_detector.launch.py
-- Up-to-date: /home/henry/training_ws/src/software-training/obstacle_detector/install/obstacle_detector/share/obstacle_detector/config
-- Up-to-date: /home/henry/training_ws/src/software-training/obstacle_detector/install/obstacle_detector/share/obstacle_detector/config/obstacle_detector_parameters.yaml
-- Up-to-date: /home/henry/training_ws/src/software-training/obstacle_detector/install/obstacle_detector/share/ament_index/resource_index/package_run_dependencies/obstacle_detector
-- Up-to-date: /home/henry/training_ws/src/software-training/obstacle_detector/install/obstacle_detector/share/ament_index/resource_index/parent_prefix_path/obstacle_detector
-- Up-to-date: /home/henry/training_ws/src/software-training/obstacle_detector/install/obstacle_detector/share/obstacle_detector/environment/ament_prefix_path.sh
-- Installing: /home/henry/training_ws/src/software-training/obstacle_detector/install/obstacle_detector/share/obstacle_detector/environment/ament_prefix_path.dsv
-- Up-to-date: /home/henry/training_ws/src/software-training/obstacle_detector/install/obstacle_detector/share/obstacle_detector/environment/path.sh
-- Installing: /home/henry/training_ws/src/software-training/obstacle_detector/install/obstacle_detector/share/obstacle_detector/environment/path.dsv
-- Up-to-date: /home/henry/training_ws/src/software-training/obstacle_detector/install/obstacle_detector/share/obstacle_detector/local_setup.bash
-- Up-to-date: /home/henry/training_ws/src/software-training/obstacle_detector/install/obstacle_detector/share/obstacle_detector/local_setup.sh
-- Up-to-date: /home/henry/training_ws/src/software-training/obstacle_detector/install/obstacle_detector/share/obstacle_detector/local_setup.zsh
-- Installing: /home/henry/training_ws/src/software-training/obstacle_detector/install/obstacle_detector/share/obstacle_detector/local_setup.dsv
-- Installing: /home/henry/training_ws/src/software-training/obstacle_detector/install/obstacle_detector/share/obstacle_detector/package.dsv
-- Up-to-date: /home/henry/training_ws/src/software-training/obstacle_detector/install/obstacle_detector/share/ament_index/resource_index/packages/obstacle_detector
-- Up-to-date: /home/henry/training_ws/src/software-training/obstacle_detector/install/obstacle_detector/share/ament_index/resource_index/rclcpp_components/obstacle_detector
-- Up-to-date: /home/henry/training_ws/src/software-training/obstacle_detector/install/obstacle_detector/share/obstacle_detector/cmake/obstacle_detectorConfig.cmake
-- Up-to-date: /home/henry/training_ws/src/software-training/obstacle_detector/install/obstacle_detector/share/obstacle_detector/cmake/obstacle_detectorConfig-version.cmake
-- Up-to-date: /home/henry/training_ws/src/software-training/obstacle_detector/install/obstacle_detector/share/obstacle_detector/package.xml
