[0.017s] Invoking command in '/home/henry/training_ws/src/software-training/obstacle_detector/build/obstacle_detector': CMAKE_PREFIX_PATH=${CMAKE_PREFIX_PATH}:/opt/ros/foxy /usr/bin/cmake --build /home/henry/training_ws/src/software-training/obstacle_detector/build/obstacle_detector -- -j12 -l12
[0.046s] -- Found ament_cmake: 0.9.9 (/opt/ros/foxy/share/ament_cmake/cmake)
[0.065s] -- Using PYTHON_EXECUTABLE: /usr/bin/python3
[0.227s] -- Found rclcpp: 2.4.0 (/opt/ros/foxy/share/rclcpp/cmake)
[0.259s] -- Using all available rosidl_typesupport_c: rosidl_typesupport_fastrtps_c;rosidl_typesupport_introspection_c
[0.263s] -- Found rosidl_adapter: 1.2.1 (/opt/ros/foxy/share/rosidl_adapter/cmake)
[0.370s] -- Using all available rosidl_typesupport_cpp: rosidl_typesupport_fastrtps_cpp;rosidl_typesupport_introspection_cpp
[0.419s] -- Found rmw_implementation_cmake: 1.0.3 (/opt/ros/foxy/share/rmw_implementation_cmake/cmake)
[0.422s] -- Using RMW implementation 'rmw_fastrtps_cpp' as default
[0.560s] -- Found rclcpp_components: 2.4.0 (/opt/ros/foxy/share/rclcpp_components/cmake)
[0.613s] -- Found image_transport: 2.3.0 (/opt/ros/foxy/share/image_transport/cmake)
[0.766s] -- Found cv_bridge: 2.2.1 (/opt/ros/foxy/share/cv_bridge/cmake)
[0.782s] -- Found nav_msgs: 2.0.4 (/opt/ros/foxy/share/nav_msgs/cmake)
[0.854s] -- Found tf2_ros: 0.13.12 (/opt/ros/foxy/share/tf2_ros/cmake)
[1.113s] -- Found tf2_eigen: 0.13.12 (/opt/ros/foxy/share/tf2_eigen/cmake)
[1.150s] -- Found ament_lint_auto: 0.9.6 (/opt/ros/foxy/share/ament_lint_auto/cmake)
[1.208s] -- Added test 'copyright' to check source files copyright and LICENSE
[1.216s] -- Added test 'cppcheck' to perform static code analysis on C / C++ code
[1.216s] -- Configured cppcheck include dirs: 
[1.216s] -- Configured cppcheck exclude dirs and/or files: 
[1.223s] -- Added test 'cpplint' to check C / C++ code against the Google style
[1.223s] -- Configured cpplint exclude dirs and/or files: 
[1.224s] -- Added test 'flake8' to check Python code syntax and style conventions
[1.226s] -- Added test 'lint_cmake' to check CMake code style
[1.228s] -- Added test 'pep257' to check Python code against some of the style conventions in PEP 257
[1.234s] -- Added test 'uncrustify' to check C / C++ code style
[1.235s] -- Configured uncrustify additional arguments: 
[1.236s] -- Added test 'xmllint' to check XML markup files
[1.239s] -- Configuring done
[1.273s] -- Generating done
[1.276s] -- Build files have been written to: /home/henry/training_ws/src/software-training/obstacle_detector/build/obstacle_detector
[1.305s] [35m[1mScanning dependencies of target obstacle_detector[0m
[1.321s] [ 40%] Built target obstacle_detector_node
[1.360s] [ 60%] [32mBuilding CXX object CMakeFiles/obstacle_detector.dir/src/student_functions.cpp.o[0m
[1.361s] [ 80%] [32mBuilding CXX object CMakeFiles/obstacle_detector.dir/src/obstacle_detector.cpp.o[0m
[7.578s] [100%] [32m[1mLinking CXX shared library libobstacle_detector.so[0m
[7.853s] [100%] Built target obstacle_detector
[7.865s] Invoked command in '/home/henry/training_ws/src/software-training/obstacle_detector/build/obstacle_detector' returned '0': CMAKE_PREFIX_PATH=${CMAKE_PREFIX_PATH}:/opt/ros/foxy /usr/bin/cmake --build /home/henry/training_ws/src/software-training/obstacle_detector/build/obstacle_detector -- -j12 -l12
[7.899s] Invoking command in '/home/henry/training_ws/src/software-training/obstacle_detector/build/obstacle_detector': CMAKE_PREFIX_PATH=${CMAKE_PREFIX_PATH}:/opt/ros/foxy /usr/bin/cmake --install /home/henry/training_ws/src/software-training/obstacle_detector/build/obstacle_detector
[7.908s] -- Install configuration: ""
[7.908s] -- Up-to-date: /home/henry/training_ws/src/software-training/obstacle_detector/install/obstacle_detector/lib/obstacle_detector/obstacle_detector_node
[7.908s] -- Installing: /home/henry/training_ws/src/software-training/obstacle_detector/install/obstacle_detector/lib/libobstacle_detector.so
[7.910s] -- Set runtime path of "/home/henry/training_ws/src/software-training/obstacle_detector/install/obstacle_detector/lib/libobstacle_detector.so" to ""
[7.911s] -- Up-to-date: /home/henry/training_ws/src/software-training/obstacle_detector/install/obstacle_detector/share/obstacle_detector/launch
[7.911s] -- Up-to-date: /home/henry/training_ws/src/software-training/obstacle_detector/install/obstacle_detector/share/obstacle_detector/launch/obstacle_detector.launch.py
[7.911s] -- Up-to-date: /home/henry/training_ws/src/software-training/obstacle_detector/install/obstacle_detector/share/obstacle_detector/config
[7.911s] -- Up-to-date: /home/henry/training_ws/src/software-training/obstacle_detector/install/obstacle_detector/share/obstacle_detector/config/obstacle_detector_parameters.yaml
[7.911s] -- Up-to-date: /home/henry/training_ws/src/software-training/obstacle_detector/install/obstacle_detector/share/ament_index/resource_index/package_run_dependencies/obstacle_detector
[7.911s] -- Up-to-date: /home/henry/training_ws/src/software-training/obstacle_detector/install/obstacle_detector/share/ament_index/resource_index/parent_prefix_path/obstacle_detector
[7.911s] -- Up-to-date: /home/henry/training_ws/src/software-training/obstacle_detector/install/obstacle_detector/share/obstacle_detector/environment/ament_prefix_path.sh
[7.911s] -- Installing: /home/henry/training_ws/src/software-training/obstacle_detector/install/obstacle_detector/share/obstacle_detector/environment/ament_prefix_path.dsv
[7.911s] -- Up-to-date: /home/henry/training_ws/src/software-training/obstacle_detector/install/obstacle_detector/share/obstacle_detector/environment/path.sh
[7.912s] -- Installing: /home/henry/training_ws/src/software-training/obstacle_detector/install/obstacle_detector/share/obstacle_detector/environment/path.dsv
[7.912s] -- Up-to-date: /home/henry/training_ws/src/software-training/obstacle_detector/install/obstacle_detector/share/obstacle_detector/local_setup.bash
[7.912s] -- Up-to-date: /home/henry/training_ws/src/software-training/obstacle_detector/install/obstacle_detector/share/obstacle_detector/local_setup.sh
[7.912s] -- Up-to-date: /home/henry/training_ws/src/software-training/obstacle_detector/install/obstacle_detector/share/obstacle_detector/local_setup.zsh
[7.912s] -- Installing: /home/henry/training_ws/src/software-training/obstacle_detector/install/obstacle_detector/share/obstacle_detector/local_setup.dsv
[7.912s] -- Installing: /home/henry/training_ws/src/software-training/obstacle_detector/install/obstacle_detector/share/obstacle_detector/package.dsv
[7.912s] -- Up-to-date: /home/henry/training_ws/src/software-training/obstacle_detector/install/obstacle_detector/share/ament_index/resource_index/packages/obstacle_detector
[7.912s] -- Up-to-date: /home/henry/training_ws/src/software-training/obstacle_detector/install/obstacle_detector/share/ament_index/resource_index/rclcpp_components/obstacle_detector
[7.912s] -- Up-to-date: /home/henry/training_ws/src/software-training/obstacle_detector/install/obstacle_detector/share/obstacle_detector/cmake/obstacle_detectorConfig.cmake
[7.912s] -- Up-to-date: /home/henry/training_ws/src/software-training/obstacle_detector/install/obstacle_detector/share/obstacle_detector/cmake/obstacle_detectorConfig-version.cmake
[7.913s] -- Up-to-date: /home/henry/training_ws/src/software-training/obstacle_detector/install/obstacle_detector/share/obstacle_detector/package.xml
[7.914s] Invoked command in '/home/henry/training_ws/src/software-training/obstacle_detector/build/obstacle_detector' returned '0': CMAKE_PREFIX_PATH=${CMAKE_PREFIX_PATH}:/opt/ros/foxy /usr/bin/cmake --install /home/henry/training_ws/src/software-training/obstacle_detector/build/obstacle_detector
