[0.014s] Invoking command in '/home/henry/training_ws/src/software-training/localization/build/localization': CMAKE_PREFIX_PATH=${CMAKE_PREFIX_PATH}:/opt/ros/foxy /usr/bin/cmake --build /home/henry/training_ws/src/software-training/localization/build/localization -- -j12 -l12
[0.041s] -- Found ament_cmake: 0.9.9 (/opt/ros/foxy/share/ament_cmake/cmake)
[0.063s] -- Using PYTHON_EXECUTABLE: /usr/bin/python3
[0.236s] -- Found rclcpp: 2.4.0 (/opt/ros/foxy/share/rclcpp/cmake)
[0.267s] -- Using all available rosidl_typesupport_c: rosidl_typesupport_fastrtps_c;rosidl_typesupport_introspection_c
[0.270s] -- Found rosidl_adapter: 1.2.1 (/opt/ros/foxy/share/rosidl_adapter/cmake)
[0.378s] -- Using all available rosidl_typesupport_cpp: rosidl_typesupport_fastrtps_cpp;rosidl_typesupport_introspection_cpp
[0.423s] -- Found rmw_implementation_cmake: 1.0.3 (/opt/ros/foxy/share/rmw_implementation_cmake/cmake)
[0.425s] -- Using RMW implementation 'rmw_fastrtps_cpp' as default
[0.558s] -- Found rclcpp_components: 2.4.0 (/opt/ros/foxy/share/rclcpp_components/cmake)
[0.609s] -- Found stsl_interfaces: 0.0.4 (/opt/ros/foxy/share/stsl_interfaces/cmake)
[0.814s] -- Found sensor_msgs: 2.0.4 (/opt/ros/foxy/share/sensor_msgs/cmake)
[0.882s] -- Found visualization_msgs: 2.0.4 (/opt/ros/foxy/share/visualization_msgs/cmake)
[0.949s] -- Found nav_msgs: 2.0.4 (/opt/ros/foxy/share/nav_msgs/cmake)
[1.015s] -- Found tf2_ros: 0.13.12 (/opt/ros/foxy/share/tf2_ros/cmake)
[1.234s] -- Found tf2_geometry_msgs: 0.13.12 (/opt/ros/foxy/share/tf2_geometry_msgs/cmake)
[1.240s] -- Found eigen3_cmake_module: 0.1.1 (/opt/ros/foxy/share/eigen3_cmake_module/cmake)
[1.265s] -- Found angles: 1.12.3 (/opt/ros/foxy/share/angles/cmake)
[1.270s] -- Found ament_lint_auto: 0.9.6 (/opt/ros/foxy/share/ament_lint_auto/cmake)
[1.327s] -- Added test 'copyright' to check source files copyright and LICENSE
[1.335s] -- Added test 'cppcheck' to perform static code analysis on C / C++ code
[1.335s] -- Configured cppcheck include dirs: 
[1.335s] -- Configured cppcheck exclude dirs and/or files: 
[1.342s] -- Added test 'cpplint' to check C / C++ code against the Google style
[1.342s] -- Configured cpplint exclude dirs and/or files: 
[1.343s] -- Added test 'flake8' to check Python code syntax and style conventions
[1.345s] -- Added test 'lint_cmake' to check CMake code style
[1.347s] -- Added test 'pep257' to check Python code against some of the style conventions in PEP 257
[1.354s] -- Added test 'uncrustify' to check C / C++ code style
[1.354s] -- Configured uncrustify additional arguments: 
[1.355s] -- Added test 'xmllint' to check XML markup files
[1.357s] -- Configuring done
[1.375s] -- Generating done
[1.377s] -- Build files have been written to: /home/henry/training_ws/src/software-training/localization/build/localization
[1.403s] [35m[1mScanning dependencies of target localization_component[0m
[1.419s] [ 25%] Built target localization_node
[1.448s] [ 50%] [32mBuilding CXX object CMakeFiles/localization_component.dir/src/particle_filter_localizer.cpp.o[0m
[1.448s] [ 50%] [32mBuilding CXX object CMakeFiles/localization_component.dir/src/odometry_sensor_model.cpp.o[0m
[7.995s] [ 62%] [32m[1mLinking CXX shared library liblocalization_component.so[0m
[8.506s] [100%] Built target localization_component
[8.517s] Invoked command in '/home/henry/training_ws/src/software-training/localization/build/localization' returned '0': CMAKE_PREFIX_PATH=${CMAKE_PREFIX_PATH}:/opt/ros/foxy /usr/bin/cmake --build /home/henry/training_ws/src/software-training/localization/build/localization -- -j12 -l12
[8.554s] Invoking command in '/home/henry/training_ws/src/software-training/localization/build/localization': CMAKE_PREFIX_PATH=${CMAKE_PREFIX_PATH}:/opt/ros/foxy /usr/bin/cmake --install /home/henry/training_ws/src/software-training/localization/build/localization
[8.562s] -- Install configuration: ""
[8.562s] -- Up-to-date: /home/henry/training_ws/src/software-training/localization/install/localization/lib/localization/localization_node
[8.562s] -- Installing: /home/henry/training_ws/src/software-training/localization/install/localization/lib/liblocalization_component.so
[8.572s] -- Set runtime path of "/home/henry/training_ws/src/software-training/localization/install/localization/lib/liblocalization_component.so" to ""
[8.572s] -- Up-to-date: /home/henry/training_ws/src/software-training/localization/install/localization/share/localization/launch
[8.572s] -- Up-to-date: /home/henry/training_ws/src/software-training/localization/install/localization/share/localization/launch/particle_filter_localizer.launch.py
[8.572s] -- Up-to-date: /home/henry/training_ws/src/software-training/localization/install/localization/share/localization/config
[8.572s] -- Up-to-date: /home/henry/training_ws/src/software-training/localization/install/localization/share/localization/config/localizer_params.yaml
[8.572s] -- Up-to-date: /home/henry/training_ws/src/software-training/localization/install/localization/share/ament_index/resource_index/package_run_dependencies/localization
[8.572s] -- Up-to-date: /home/henry/training_ws/src/software-training/localization/install/localization/share/ament_index/resource_index/parent_prefix_path/localization
[8.572s] -- Up-to-date: /home/henry/training_ws/src/software-training/localization/install/localization/share/localization/environment/ament_prefix_path.sh
[8.572s] -- Installing: /home/henry/training_ws/src/software-training/localization/install/localization/share/localization/environment/ament_prefix_path.dsv
[8.572s] -- Up-to-date: /home/henry/training_ws/src/software-training/localization/install/localization/share/localization/environment/path.sh
[8.572s] -- Installing: /home/henry/training_ws/src/software-training/localization/install/localization/share/localization/environment/path.dsv
[8.573s] -- Up-to-date: /home/henry/training_ws/src/software-training/localization/install/localization/share/localization/local_setup.bash
[8.573s] -- Up-to-date: /home/henry/training_ws/src/software-training/localization/install/localization/share/localization/local_setup.sh
[8.573s] -- Up-to-date: /home/henry/training_ws/src/software-training/localization/install/localization/share/localization/local_setup.zsh
[8.573s] -- Installing: /home/henry/training_ws/src/software-training/localization/install/localization/share/localization/local_setup.dsv
[8.573s] -- Installing: /home/henry/training_ws/src/software-training/localization/install/localization/share/localization/package.dsv
[8.573s] -- Up-to-date: /home/henry/training_ws/src/software-training/localization/install/localization/share/ament_index/resource_index/packages/localization
[8.573s] -- Up-to-date: /home/henry/training_ws/src/software-training/localization/install/localization/share/ament_index/resource_index/rclcpp_components/localization
[8.573s] -- Up-to-date: /home/henry/training_ws/src/software-training/localization/install/localization/share/localization/cmake/localizationConfig.cmake
[8.573s] -- Up-to-date: /home/henry/training_ws/src/software-training/localization/install/localization/share/localization/cmake/localizationConfig-version.cmake
[8.573s] -- Up-to-date: /home/henry/training_ws/src/software-training/localization/install/localization/share/localization/package.xml
[8.575s] Invoked command in '/home/henry/training_ws/src/software-training/localization/build/localization' returned '0': CMAKE_PREFIX_PATH=${CMAKE_PREFIX_PATH}:/opt/ros/foxy /usr/bin/cmake --install /home/henry/training_ws/src/software-training/localization/build/localization
