[0.294s] DEBUG:colcon:Command line arguments: ['/usr/bin/colcon', 'build']
[0.295s] DEBUG:colcon:Parsed command line arguments: Namespace(ament_cmake_args=None, base_paths=['.'], build_base='build', catkin_cmake_args=None, catkin_skip_building_tests=False, cmake_args=None, cmake_clean_cache=False, cmake_clean_first=False, cmake_force_configure=False, cmake_target=None, cmake_target_skip_unavailable=False, continue_on_error=False, event_handlers=None, executor='parallel', ignore_user_meta=False, install_base='install', log_base=None, log_level=None, main=<bound method BuildVerb.main of <colcon_core.verb.build.BuildVerb object at 0x7fa6e2b07370>>, merge_install=False, metas=['./colcon.meta'], packages_above=None, packages_above_and_dependencies=None, packages_above_depth=None, packages_end=None, packages_ignore=None, packages_ignore_regex=None, packages_select=None, packages_select_build_failed=False, packages_select_by_dep=None, packages_select_regex=None, packages_select_test_failures=False, packages_skip=None, packages_skip_build_finished=False, packages_skip_by_dep=None, packages_skip_regex=None, packages_skip_test_passed=False, packages_skip_up_to=None, packages_start=None, packages_up_to=None, packages_up_to_regex=None, parallel_workers=12, paths=None, symlink_install=False, test_result_base=None, verb_extension=<colcon_core.verb.build.BuildVerb object at 0x7fa6e2b07370>, verb_name='build', verb_parser=<colcon_defaults.argument_parser.defaults.DefaultArgumentsDecorator object at 0x7fa6e2b078b0>)
[0.300s] Level 1:colcon.colcon_core.package_discovery:discover_packages(colcon_meta) check parameters
[0.300s] Level 1:colcon.colcon_core.package_discovery:discover_packages(recursive) check parameters
[0.300s] Level 1:colcon.colcon_core.package_discovery:discover_packages(ignore) check parameters
[0.300s] Level 1:colcon.colcon_core.package_discovery:discover_packages(path) check parameters
[0.300s] Level 1:colcon.colcon_core.package_discovery:discover_packages(colcon_meta) discover
[0.300s] Level 1:colcon.colcon_core.package_discovery:discover_packages(recursive) discover
[0.300s] INFO:colcon.colcon_core.package_discovery:Crawling recursively for packages in '/home/henry/training_ws/src/software-training/obstacle_detector'
[0.300s] Level 1:colcon.colcon_core.package_identification:_identify(.) by extensions ['ignore', 'ignore_ament_install']
[0.300s] Level 1:colcon.colcon_core.package_identification:_identify(.) by extension 'ignore'
[0.300s] Level 1:colcon.colcon_core.package_identification:_identify(.) by extension 'ignore_ament_install'
[0.300s] Level 1:colcon.colcon_core.package_identification:_identify(.) by extensions ['colcon_pkg']
[0.300s] Level 1:colcon.colcon_core.package_identification:_identify(.) by extension 'colcon_pkg'
[0.300s] Level 1:colcon.colcon_core.package_identification:_identify(.) by extensions ['colcon_meta']
[0.301s] Level 1:colcon.colcon_core.package_identification:_identify(.) by extension 'colcon_meta'
[0.301s] Level 1:colcon.colcon_core.package_identification:_identify(.) by extensions ['ros']
[0.301s] Level 1:colcon.colcon_core.package_identification:_identify(.) by extension 'ros'
[0.313s] DEBUG:colcon.colcon_core.package_identification:Package '.' with type 'ros.ament_cmake' and name 'obstacle_detector'
[0.313s] Level 1:colcon.colcon_core.package_discovery:discover_packages(recursive) using defaults
[0.313s] Level 1:colcon.colcon_core.package_discovery:discover_packages(ignore) discover
[0.313s] Level 1:colcon.colcon_core.package_discovery:discover_packages(ignore) using defaults
[0.313s] Level 1:colcon.colcon_core.package_discovery:discover_packages(path) discover
[0.313s] Level 1:colcon.colcon_core.package_discovery:discover_packages(path) using defaults
[0.330s] Level 5:colcon.colcon_core.verb:set package 'obstacle_detector' build argument 'cmake_args' from command line to 'None'
[0.330s] Level 5:colcon.colcon_core.verb:set package 'obstacle_detector' build argument 'cmake_target' from command line to 'None'
[0.330s] Level 5:colcon.colcon_core.verb:set package 'obstacle_detector' build argument 'cmake_target_skip_unavailable' from command line to 'False'
[0.330s] Level 5:colcon.colcon_core.verb:set package 'obstacle_detector' build argument 'cmake_clean_cache' from command line to 'False'
[0.330s] Level 5:colcon.colcon_core.verb:set package 'obstacle_detector' build argument 'cmake_clean_first' from command line to 'False'
[0.330s] Level 5:colcon.colcon_core.verb:set package 'obstacle_detector' build argument 'cmake_force_configure' from command line to 'False'
[0.330s] Level 5:colcon.colcon_core.verb:set package 'obstacle_detector' build argument 'ament_cmake_args' from command line to 'None'
[0.330s] Level 5:colcon.colcon_core.verb:set package 'obstacle_detector' build argument 'catkin_cmake_args' from command line to 'None'
[0.331s] Level 5:colcon.colcon_core.verb:set package 'obstacle_detector' build argument 'catkin_skip_building_tests' from command line to 'False'
[0.331s] DEBUG:colcon.colcon_core.verb:Building package 'obstacle_detector' with the following arguments: {'ament_cmake_args': None, 'build_base': '/home/henry/training_ws/src/software-training/obstacle_detector/build/obstacle_detector', 'catkin_cmake_args': None, 'catkin_skip_building_tests': False, 'cmake_args': None, 'cmake_clean_cache': False, 'cmake_clean_first': False, 'cmake_force_configure': False, 'cmake_target': None, 'cmake_target_skip_unavailable': False, 'install_base': '/home/henry/training_ws/src/software-training/obstacle_detector/install/obstacle_detector', 'merge_install': False, 'path': '/home/henry/training_ws/src/software-training/obstacle_detector', 'symlink_install': False, 'test_result_base': None}
[0.331s] INFO:colcon.colcon_core.executor:Executing jobs using 'parallel' executor
[0.333s] DEBUG:colcon.colcon_parallel_executor.executor.parallel:run_until_complete
[0.333s] INFO:colcon.colcon_ros.task.ament_cmake.build:Building ROS package in '/home/henry/training_ws/src/software-training/obstacle_detector' with build type 'ament_cmake'
[0.333s] INFO:colcon.colcon_cmake.task.cmake.build:Building CMake package in '/home/henry/training_ws/src/software-training/obstacle_detector'
[0.337s] INFO:colcon.colcon_core.plugin_system:Skipping extension 'colcon_core.shell.bat': Not used on non-Windows systems
[0.337s] INFO:colcon.colcon_core.shell:Skip shell extension 'powershell' for command environment: Not usable outside of PowerShell
[0.337s] DEBUG:colcon.colcon_core.shell:Skip shell extension 'dsv' for command environment
[0.341s] DEBUG:colcon.colcon_core.shell:Ignoring prefix path '/opt/ros/foxy'
[0.350s] DEBUG:colcon.colcon_core.event_handler.log_command:Invoking command in '/home/henry/training_ws/src/software-training/obstacle_detector/build/obstacle_detector': CMAKE_PREFIX_PATH=${CMAKE_PREFIX_PATH}:/opt/ros/foxy /usr/bin/cmake /home/henry/training_ws/src/software-training/obstacle_detector -DCMAKE_INSTALL_PREFIX=/home/henry/training_ws/src/software-training/obstacle_detector/install/obstacle_detector
[2.115s] DEBUG:colcon.colcon_core.event_handler.log_command:Invoked command in '/home/henry/training_ws/src/software-training/obstacle_detector/build/obstacle_detector' returned '0': CMAKE_PREFIX_PATH=${CMAKE_PREFIX_PATH}:/opt/ros/foxy /usr/bin/cmake /home/henry/training_ws/src/software-training/obstacle_detector -DCMAKE_INSTALL_PREFIX=/home/henry/training_ws/src/software-training/obstacle_detector/install/obstacle_detector
[2.117s] DEBUG:colcon.colcon_core.event_handler.log_command:Invoking command in '/home/henry/training_ws/src/software-training/obstacle_detector/build/obstacle_detector': CMAKE_PREFIX_PATH=${CMAKE_PREFIX_PATH}:/opt/ros/foxy /usr/bin/cmake --build /home/henry/training_ws/src/software-training/obstacle_detector/build/obstacle_detector -- -j12 -l12
[9.039s] DEBUG:colcon.colcon_core.event_handler.log_command:Invoked command in '/home/henry/training_ws/src/software-training/obstacle_detector/build/obstacle_detector' returned '0': CMAKE_PREFIX_PATH=${CMAKE_PREFIX_PATH}:/opt/ros/foxy /usr/bin/cmake --build /home/henry/training_ws/src/software-training/obstacle_detector/build/obstacle_detector -- -j12 -l12
[9.073s] DEBUG:colcon.colcon_core.event_handler.log_command:Invoking command in '/home/henry/training_ws/src/software-training/obstacle_detector/build/obstacle_detector': CMAKE_PREFIX_PATH=${CMAKE_PREFIX_PATH}:/opt/ros/foxy /usr/bin/cmake --install /home/henry/training_ws/src/software-training/obstacle_detector/build/obstacle_detector
[9.088s] Level 1:colcon.colcon_core.environment:create_environment_scripts_only(obstacle_detector)
[9.089s] DEBUG:colcon.colcon_core.event_handler.log_command:Invoked command in '/home/henry/training_ws/src/software-training/obstacle_detector/build/obstacle_detector' returned '0': CMAKE_PREFIX_PATH=${CMAKE_PREFIX_PATH}:/opt/ros/foxy /usr/bin/cmake --install /home/henry/training_ws/src/software-training/obstacle_detector/build/obstacle_detector
[9.092s] Level 1:colcon.colcon_core.environment:checking '/home/henry/training_ws/src/software-training/obstacle_detector/install/obstacle_detector' for CMake module files
[9.093s] Level 1:colcon.colcon_core.environment:checking '/home/henry/training_ws/src/software-training/obstacle_detector/install/obstacle_detector' for CMake config files
[9.093s] Level 1:colcon.colcon_core.shell:create_environment_hook('obstacle_detector', 'cmake_prefix_path')
[9.093s] INFO:colcon.colcon_core.shell:Creating environment hook '/home/henry/training_ws/src/software-training/obstacle_detector/install/obstacle_detector/share/obstacle_detector/hook/cmake_prefix_path.ps1'
[9.094s] INFO:colcon.colcon_core.shell:Creating environment descriptor '/home/henry/training_ws/src/software-training/obstacle_detector/install/obstacle_detector/share/obstacle_detector/hook/cmake_prefix_path.dsv'
[9.095s] INFO:colcon.colcon_core.shell:Creating environment hook '/home/henry/training_ws/src/software-training/obstacle_detector/install/obstacle_detector/share/obstacle_detector/hook/cmake_prefix_path.sh'
[9.096s] Level 1:colcon.colcon_core.environment:checking '/home/henry/training_ws/src/software-training/obstacle_detector/install/obstacle_detector/lib'
[9.096s] Level 1:colcon.colcon_core.shell:create_environment_hook('obstacle_detector', 'ld_library_path_lib')
[9.097s] INFO:colcon.colcon_core.shell:Creating environment hook '/home/henry/training_ws/src/software-training/obstacle_detector/install/obstacle_detector/share/obstacle_detector/hook/ld_library_path_lib.ps1'
[9.097s] INFO:colcon.colcon_core.shell:Creating environment descriptor '/home/henry/training_ws/src/software-training/obstacle_detector/install/obstacle_detector/share/obstacle_detector/hook/ld_library_path_lib.dsv'
[9.098s] INFO:colcon.colcon_core.shell:Creating environment hook '/home/henry/training_ws/src/software-training/obstacle_detector/install/obstacle_detector/share/obstacle_detector/hook/ld_library_path_lib.sh'
[9.098s] Level 1:colcon.colcon_core.environment:checking '/home/henry/training_ws/src/software-training/obstacle_detector/install/obstacle_detector/bin'
[9.098s] Level 1:colcon.colcon_core.environment:checking '/home/henry/training_ws/src/software-training/obstacle_detector/install/obstacle_detector/lib/pkgconfig/obstacle_detector.pc'
[9.098s] Level 1:colcon.colcon_core.environment:checking '/home/henry/training_ws/src/software-training/obstacle_detector/install/obstacle_detector/lib/python3.8/site-packages'
[9.099s] INFO:colcon.colcon_core.shell:Creating package script '/home/henry/training_ws/src/software-training/obstacle_detector/install/obstacle_detector/share/obstacle_detector/package.ps1'
[9.100s] INFO:colcon.colcon_core.shell:Creating package descriptor '/home/henry/training_ws/src/software-training/obstacle_detector/install/obstacle_detector/share/obstacle_detector/package.dsv'
[9.101s] INFO:colcon.colcon_core.shell:Creating package script '/home/henry/training_ws/src/software-training/obstacle_detector/install/obstacle_detector/share/obstacle_detector/package.sh'
[9.102s] INFO:colcon.colcon_core.shell:Creating package script '/home/henry/training_ws/src/software-training/obstacle_detector/install/obstacle_detector/share/obstacle_detector/package.bash'
[9.102s] INFO:colcon.colcon_core.shell:Creating package script '/home/henry/training_ws/src/software-training/obstacle_detector/install/obstacle_detector/share/obstacle_detector/package.zsh'
[9.103s] Level 1:colcon.colcon_core.environment:create_file_with_runtime_dependencies(/home/henry/training_ws/src/software-training/obstacle_detector/install/obstacle_detector/share/colcon-core/packages/obstacle_detector)
[9.131s] Level 1:colcon.colcon_core.environment:create_environment_scripts_only(obstacle_detector)
[9.132s] Level 1:colcon.colcon_core.environment:checking '/home/henry/training_ws/src/software-training/obstacle_detector/install/obstacle_detector' for CMake module files
[9.133s] Level 1:colcon.colcon_core.environment:checking '/home/henry/training_ws/src/software-training/obstacle_detector/install/obstacle_detector' for CMake config files
[9.133s] Level 1:colcon.colcon_core.shell:create_environment_hook('obstacle_detector', 'cmake_prefix_path')
[9.134s] INFO:colcon.colcon_core.shell:Creating environment hook '/home/henry/training_ws/src/software-training/obstacle_detector/install/obstacle_detector/share/obstacle_detector/hook/cmake_prefix_path.ps1'
[9.134s] INFO:colcon.colcon_core.shell:Creating environment descriptor '/home/henry/training_ws/src/software-training/obstacle_detector/install/obstacle_detector/share/obstacle_detector/hook/cmake_prefix_path.dsv'
[9.135s] INFO:colcon.colcon_core.shell:Creating environment hook '/home/henry/training_ws/src/software-training/obstacle_detector/install/obstacle_detector/share/obstacle_detector/hook/cmake_prefix_path.sh'
[9.135s] Level 1:colcon.colcon_core.environment:checking '/home/henry/training_ws/src/software-training/obstacle_detector/install/obstacle_detector/lib'
[9.135s] Level 1:colcon.colcon_core.shell:create_environment_hook('obstacle_detector', 'ld_library_path_lib')
[9.136s] INFO:colcon.colcon_core.shell:Creating environment hook '/home/henry/training_ws/src/software-training/obstacle_detector/install/obstacle_detector/share/obstacle_detector/hook/ld_library_path_lib.ps1'
[9.136s] INFO:colcon.colcon_core.shell:Creating environment descriptor '/home/henry/training_ws/src/software-training/obstacle_detector/install/obstacle_detector/share/obstacle_detector/hook/ld_library_path_lib.dsv'
[9.137s] INFO:colcon.colcon_core.shell:Creating environment hook '/home/henry/training_ws/src/software-training/obstacle_detector/install/obstacle_detector/share/obstacle_detector/hook/ld_library_path_lib.sh'
[9.137s] Level 1:colcon.colcon_core.environment:checking '/home/henry/training_ws/src/software-training/obstacle_detector/install/obstacle_detector/bin'
[9.137s] Level 1:colcon.colcon_core.environment:checking '/home/henry/training_ws/src/software-training/obstacle_detector/install/obstacle_detector/lib/pkgconfig/obstacle_detector.pc'
[9.137s] Level 1:colcon.colcon_core.environment:checking '/home/henry/training_ws/src/software-training/obstacle_detector/install/obstacle_detector/lib/python3.8/site-packages'
[9.138s] INFO:colcon.colcon_core.shell:Creating package script '/home/henry/training_ws/src/software-training/obstacle_detector/install/obstacle_detector/share/obstacle_detector/package.ps1'
[9.138s] INFO:colcon.colcon_core.shell:Creating package descriptor '/home/henry/training_ws/src/software-training/obstacle_detector/install/obstacle_detector/share/obstacle_detector/package.dsv'
[9.139s] INFO:colcon.colcon_core.shell:Creating package script '/home/henry/training_ws/src/software-training/obstacle_detector/install/obstacle_detector/share/obstacle_detector/package.sh'
[9.139s] INFO:colcon.colcon_core.shell:Creating package script '/home/henry/training_ws/src/software-training/obstacle_detector/install/obstacle_detector/share/obstacle_detector/package.bash'
[9.140s] INFO:colcon.colcon_core.shell:Creating package script '/home/henry/training_ws/src/software-training/obstacle_detector/install/obstacle_detector/share/obstacle_detector/package.zsh'
[9.140s] Level 1:colcon.colcon_core.environment:create_file_with_runtime_dependencies(/home/henry/training_ws/src/software-training/obstacle_detector/install/obstacle_detector/share/colcon-core/packages/obstacle_detector)
[9.140s] DEBUG:colcon.colcon_parallel_executor.executor.parallel:closing loop
[9.141s] DEBUG:colcon.colcon_parallel_executor.executor.parallel:loop closed
[9.141s] DEBUG:colcon.colcon_parallel_executor.executor.parallel:run_until_complete finished with '0'
[9.141s] DEBUG:colcon.colcon_core.event_reactor:joining thread
[9.147s] INFO:colcon.colcon_core.plugin_system:Skipping extension 'colcon_notification.desktop_notification.terminal_notifier': Not used on non-Darwin systems
[9.147s] INFO:colcon.colcon_core.plugin_system:Skipping extension 'colcon_notification.desktop_notification.win32': Not used on non-Windows systems
[9.147s] INFO:colcon.colcon_notification.desktop_notification:Sending desktop notification using 'notify2'
[9.162s] DEBUG:colcon.colcon_core.event_reactor:joined thread
[9.162s] INFO:colcon.colcon_core.shell:Creating prefix script '/home/henry/training_ws/src/software-training/obstacle_detector/install/local_setup.ps1'
[9.164s] INFO:colcon.colcon_core.shell:Creating prefix util module '/home/henry/training_ws/src/software-training/obstacle_detector/install/_local_setup_util_ps1.py'
[9.165s] INFO:colcon.colcon_core.shell:Creating prefix chain script '/home/henry/training_ws/src/software-training/obstacle_detector/install/setup.ps1'
[9.168s] INFO:colcon.colcon_core.shell:Creating prefix script '/home/henry/training_ws/src/software-training/obstacle_detector/install/local_setup.sh'
[9.169s] INFO:colcon.colcon_core.shell:Creating prefix util module '/home/henry/training_ws/src/software-training/obstacle_detector/install/_local_setup_util_sh.py'
[9.169s] INFO:colcon.colcon_core.shell:Creating prefix chain script '/home/henry/training_ws/src/software-training/obstacle_detector/install/setup.sh'
[9.172s] INFO:colcon.colcon_core.shell:Creating prefix script '/home/henry/training_ws/src/software-training/obstacle_detector/install/local_setup.bash'
[9.173s] INFO:colcon.colcon_core.shell:Creating prefix chain script '/home/henry/training_ws/src/software-training/obstacle_detector/install/setup.bash'
[9.176s] INFO:colcon.colcon_core.shell:Creating prefix script '/home/henry/training_ws/src/software-training/obstacle_detector/install/local_setup.zsh'
[9.176s] INFO:colcon.colcon_core.shell:Creating prefix chain script '/home/henry/training_ws/src/software-training/obstacle_detector/install/setup.zsh'
