[0.255s] DEBUG:colcon:Command line arguments: ['/usr/bin/colcon', 'build']
[0.255s] DEBUG:colcon:Parsed command line arguments: Namespace(ament_cmake_args=None, base_paths=['.'], build_base='build', catkin_cmake_args=None, catkin_skip_building_tests=False, cmake_args=None, cmake_clean_cache=False, cmake_clean_first=False, cmake_force_configure=False, cmake_target=None, cmake_target_skip_unavailable=False, continue_on_error=False, event_handlers=None, executor='parallel', ignore_user_meta=False, install_base='install', log_base=None, log_level=None, main=<bound method BuildVerb.main of <colcon_core.verb.build.BuildVerb object at 0x7ff94e4423a0>>, merge_install=False, metas=['./colcon.meta'], packages_above=None, packages_above_and_dependencies=None, packages_above_depth=None, packages_end=None, packages_ignore=None, packages_ignore_regex=None, packages_select=None, packages_select_build_failed=False, packages_select_by_dep=None, packages_select_regex=None, packages_select_test_failures=False, packages_skip=None, packages_skip_build_finished=False, packages_skip_by_dep=None, packages_skip_regex=None, packages_skip_test_passed=False, packages_skip_up_to=None, packages_start=None, packages_up_to=None, packages_up_to_regex=None, parallel_workers=12, paths=None, symlink_install=False, test_result_base=None, verb_extension=<colcon_core.verb.build.BuildVerb object at 0x7ff94e4423a0>, verb_name='build', verb_parser=<colcon_defaults.argument_parser.defaults.DefaultArgumentsDecorator object at 0x7ff94e4428e0>)
[0.260s] Level 1:colcon.colcon_core.package_discovery:discover_packages(colcon_meta) check parameters
[0.260s] Level 1:colcon.colcon_core.package_discovery:discover_packages(recursive) check parameters
[0.260s] Level 1:colcon.colcon_core.package_discovery:discover_packages(ignore) check parameters
[0.260s] Level 1:colcon.colcon_core.package_discovery:discover_packages(path) check parameters
[0.260s] Level 1:colcon.colcon_core.package_discovery:discover_packages(colcon_meta) discover
[0.260s] Level 1:colcon.colcon_core.package_discovery:discover_packages(recursive) discover
[0.260s] INFO:colcon.colcon_core.package_discovery:Crawling recursively for packages in '/home/henry/training_ws/src/software-training/localization'
[0.260s] Level 1:colcon.colcon_core.package_identification:_identify(.) by extensions ['ignore', 'ignore_ament_install']
[0.260s] Level 1:colcon.colcon_core.package_identification:_identify(.) by extension 'ignore'
[0.260s] Level 1:colcon.colcon_core.package_identification:_identify(.) by extension 'ignore_ament_install'
[0.260s] Level 1:colcon.colcon_core.package_identification:_identify(.) by extensions ['colcon_pkg']
[0.260s] Level 1:colcon.colcon_core.package_identification:_identify(.) by extension 'colcon_pkg'
[0.261s] Level 1:colcon.colcon_core.package_identification:_identify(.) by extensions ['colcon_meta']
[0.261s] Level 1:colcon.colcon_core.package_identification:_identify(.) by extension 'colcon_meta'
[0.261s] Level 1:colcon.colcon_core.package_identification:_identify(.) by extensions ['ros']
[0.261s] Level 1:colcon.colcon_core.package_identification:_identify(.) by extension 'ros'
[0.273s] DEBUG:colcon.colcon_core.package_identification:Package '.' with type 'ros.ament_cmake' and name 'localization'
[0.273s] Level 1:colcon.colcon_core.package_discovery:discover_packages(recursive) using defaults
[0.273s] Level 1:colcon.colcon_core.package_discovery:discover_packages(ignore) discover
[0.273s] Level 1:colcon.colcon_core.package_discovery:discover_packages(ignore) using defaults
[0.273s] Level 1:colcon.colcon_core.package_discovery:discover_packages(path) discover
[0.273s] Level 1:colcon.colcon_core.package_discovery:discover_packages(path) using defaults
[0.291s] Level 5:colcon.colcon_core.verb:set package 'localization' build argument 'cmake_args' from command line to 'None'
[0.291s] Level 5:colcon.colcon_core.verb:set package 'localization' build argument 'cmake_target' from command line to 'None'
[0.291s] Level 5:colcon.colcon_core.verb:set package 'localization' build argument 'cmake_target_skip_unavailable' from command line to 'False'
[0.291s] Level 5:colcon.colcon_core.verb:set package 'localization' build argument 'cmake_clean_cache' from command line to 'False'
[0.291s] Level 5:colcon.colcon_core.verb:set package 'localization' build argument 'cmake_clean_first' from command line to 'False'
[0.291s] Level 5:colcon.colcon_core.verb:set package 'localization' build argument 'cmake_force_configure' from command line to 'False'
[0.291s] Level 5:colcon.colcon_core.verb:set package 'localization' build argument 'ament_cmake_args' from command line to 'None'
[0.291s] Level 5:colcon.colcon_core.verb:set package 'localization' build argument 'catkin_cmake_args' from command line to 'None'
[0.291s] Level 5:colcon.colcon_core.verb:set package 'localization' build argument 'catkin_skip_building_tests' from command line to 'False'
[0.291s] DEBUG:colcon.colcon_core.verb:Building package 'localization' with the following arguments: {'ament_cmake_args': None, 'build_base': '/home/henry/training_ws/src/software-training/localization/build/localization', 'catkin_cmake_args': None, 'catkin_skip_building_tests': False, 'cmake_args': None, 'cmake_clean_cache': False, 'cmake_clean_first': False, 'cmake_force_configure': False, 'cmake_target': None, 'cmake_target_skip_unavailable': False, 'install_base': '/home/henry/training_ws/src/software-training/localization/install/localization', 'merge_install': False, 'path': '/home/henry/training_ws/src/software-training/localization', 'symlink_install': False, 'test_result_base': None}
[0.291s] INFO:colcon.colcon_core.executor:Executing jobs using 'parallel' executor
[0.293s] DEBUG:colcon.colcon_parallel_executor.executor.parallel:run_until_complete
[0.293s] INFO:colcon.colcon_ros.task.ament_cmake.build:Building ROS package in '/home/henry/training_ws/src/software-training/localization' with build type 'ament_cmake'
[0.293s] INFO:colcon.colcon_cmake.task.cmake.build:Building CMake package in '/home/henry/training_ws/src/software-training/localization'
[0.296s] INFO:colcon.colcon_core.plugin_system:Skipping extension 'colcon_core.shell.bat': Not used on non-Windows systems
[0.297s] INFO:colcon.colcon_core.shell:Skip shell extension 'powershell' for command environment: Not usable outside of PowerShell
[0.297s] DEBUG:colcon.colcon_core.shell:Skip shell extension 'dsv' for command environment
[0.299s] DEBUG:colcon.colcon_core.shell:Ignoring prefix path '/opt/ros/foxy'
[0.308s] DEBUG:colcon.colcon_core.event_handler.log_command:Invoking command in '/home/henry/training_ws/src/software-training/localization/build/localization': CMAKE_PREFIX_PATH=${CMAKE_PREFIX_PATH}:/opt/ros/foxy /usr/bin/cmake --build /home/henry/training_ws/src/software-training/localization/build/localization -- -j12 -l12
[0.381s] DEBUG:colcon.colcon_core.event_handler.log_command:Invoked command in '/home/henry/training_ws/src/software-training/localization/build/localization' returned '0': CMAKE_PREFIX_PATH=${CMAKE_PREFIX_PATH}:/opt/ros/foxy /usr/bin/cmake --build /home/henry/training_ws/src/software-training/localization/build/localization -- -j12 -l12
[0.419s] DEBUG:colcon.colcon_core.event_handler.log_command:Invoking command in '/home/henry/training_ws/src/software-training/localization/build/localization': CMAKE_PREFIX_PATH=${CMAKE_PREFIX_PATH}:/opt/ros/foxy /usr/bin/cmake --install /home/henry/training_ws/src/software-training/localization/build/localization
[0.430s] Level 1:colcon.colcon_core.environment:create_environment_scripts_only(localization)
[0.433s] DEBUG:colcon.colcon_core.event_handler.log_command:Invoked command in '/home/henry/training_ws/src/software-training/localization/build/localization' returned '0': CMAKE_PREFIX_PATH=${CMAKE_PREFIX_PATH}:/opt/ros/foxy /usr/bin/cmake --install /home/henry/training_ws/src/software-training/localization/build/localization
[0.435s] Level 1:colcon.colcon_core.environment:checking '/home/henry/training_ws/src/software-training/localization/install/localization' for CMake module files
[0.436s] Level 1:colcon.colcon_core.environment:checking '/home/henry/training_ws/src/software-training/localization/install/localization' for CMake config files
[0.436s] Level 1:colcon.colcon_core.shell:create_environment_hook('localization', 'cmake_prefix_path')
[0.436s] INFO:colcon.colcon_core.shell:Creating environment hook '/home/henry/training_ws/src/software-training/localization/install/localization/share/localization/hook/cmake_prefix_path.ps1'
[0.437s] INFO:colcon.colcon_core.shell:Creating environment descriptor '/home/henry/training_ws/src/software-training/localization/install/localization/share/localization/hook/cmake_prefix_path.dsv'
[0.437s] INFO:colcon.colcon_core.shell:Creating environment hook '/home/henry/training_ws/src/software-training/localization/install/localization/share/localization/hook/cmake_prefix_path.sh'
[0.438s] Level 1:colcon.colcon_core.environment:checking '/home/henry/training_ws/src/software-training/localization/install/localization/lib'
[0.438s] Level 1:colcon.colcon_core.shell:create_environment_hook('localization', 'ld_library_path_lib')
[0.439s] INFO:colcon.colcon_core.shell:Creating environment hook '/home/henry/training_ws/src/software-training/localization/install/localization/share/localization/hook/ld_library_path_lib.ps1'
[0.439s] INFO:colcon.colcon_core.shell:Creating environment descriptor '/home/henry/training_ws/src/software-training/localization/install/localization/share/localization/hook/ld_library_path_lib.dsv'
[0.439s] INFO:colcon.colcon_core.shell:Creating environment hook '/home/henry/training_ws/src/software-training/localization/install/localization/share/localization/hook/ld_library_path_lib.sh'
[0.440s] Level 1:colcon.colcon_core.environment:checking '/home/henry/training_ws/src/software-training/localization/install/localization/bin'
[0.440s] Level 1:colcon.colcon_core.environment:checking '/home/henry/training_ws/src/software-training/localization/install/localization/lib/pkgconfig/localization.pc'
[0.440s] Level 1:colcon.colcon_core.environment:checking '/home/henry/training_ws/src/software-training/localization/install/localization/lib/python3.8/site-packages'
[0.441s] INFO:colcon.colcon_core.shell:Creating package script '/home/henry/training_ws/src/software-training/localization/install/localization/share/localization/package.ps1'
[0.441s] INFO:colcon.colcon_core.shell:Creating package descriptor '/home/henry/training_ws/src/software-training/localization/install/localization/share/localization/package.dsv'
[0.442s] INFO:colcon.colcon_core.shell:Creating package script '/home/henry/training_ws/src/software-training/localization/install/localization/share/localization/package.sh'
[0.443s] INFO:colcon.colcon_core.shell:Creating package script '/home/henry/training_ws/src/software-training/localization/install/localization/share/localization/package.bash'
[0.443s] INFO:colcon.colcon_core.shell:Creating package script '/home/henry/training_ws/src/software-training/localization/install/localization/share/localization/package.zsh'
[0.444s] Level 1:colcon.colcon_core.environment:create_file_with_runtime_dependencies(/home/henry/training_ws/src/software-training/localization/install/localization/share/colcon-core/packages/localization)
[0.471s] Level 1:colcon.colcon_core.environment:create_environment_scripts_only(localization)
[0.472s] Level 1:colcon.colcon_core.environment:checking '/home/henry/training_ws/src/software-training/localization/install/localization' for CMake module files
[0.472s] Level 1:colcon.colcon_core.environment:checking '/home/henry/training_ws/src/software-training/localization/install/localization' for CMake config files
[0.473s] Level 1:colcon.colcon_core.shell:create_environment_hook('localization', 'cmake_prefix_path')
[0.473s] INFO:colcon.colcon_core.shell:Creating environment hook '/home/henry/training_ws/src/software-training/localization/install/localization/share/localization/hook/cmake_prefix_path.ps1'
[0.474s] INFO:colcon.colcon_core.shell:Creating environment descriptor '/home/henry/training_ws/src/software-training/localization/install/localization/share/localization/hook/cmake_prefix_path.dsv'
[0.474s] INFO:colcon.colcon_core.shell:Creating environment hook '/home/henry/training_ws/src/software-training/localization/install/localization/share/localization/hook/cmake_prefix_path.sh'
[0.474s] Level 1:colcon.colcon_core.environment:checking '/home/henry/training_ws/src/software-training/localization/install/localization/lib'
[0.474s] Level 1:colcon.colcon_core.shell:create_environment_hook('localization', 'ld_library_path_lib')
[0.475s] INFO:colcon.colcon_core.shell:Creating environment hook '/home/henry/training_ws/src/software-training/localization/install/localization/share/localization/hook/ld_library_path_lib.ps1'
[0.475s] INFO:colcon.colcon_core.shell:Creating environment descriptor '/home/henry/training_ws/src/software-training/localization/install/localization/share/localization/hook/ld_library_path_lib.dsv'
[0.476s] INFO:colcon.colcon_core.shell:Creating environment hook '/home/henry/training_ws/src/software-training/localization/install/localization/share/localization/hook/ld_library_path_lib.sh'
[0.476s] Level 1:colcon.colcon_core.environment:checking '/home/henry/training_ws/src/software-training/localization/install/localization/bin'
[0.476s] Level 1:colcon.colcon_core.environment:checking '/home/henry/training_ws/src/software-training/localization/install/localization/lib/pkgconfig/localization.pc'
[0.476s] Level 1:colcon.colcon_core.environment:checking '/home/henry/training_ws/src/software-training/localization/install/localization/lib/python3.8/site-packages'
[0.477s] INFO:colcon.colcon_core.shell:Creating package script '/home/henry/training_ws/src/software-training/localization/install/localization/share/localization/package.ps1'
[0.477s] INFO:colcon.colcon_core.shell:Creating package descriptor '/home/henry/training_ws/src/software-training/localization/install/localization/share/localization/package.dsv'
[0.478s] INFO:colcon.colcon_core.shell:Creating package script '/home/henry/training_ws/src/software-training/localization/install/localization/share/localization/package.sh'
[0.478s] INFO:colcon.colcon_core.shell:Creating package script '/home/henry/training_ws/src/software-training/localization/install/localization/share/localization/package.bash'
[0.478s] INFO:colcon.colcon_core.shell:Creating package script '/home/henry/training_ws/src/software-training/localization/install/localization/share/localization/package.zsh'
[0.479s] Level 1:colcon.colcon_core.environment:create_file_with_runtime_dependencies(/home/henry/training_ws/src/software-training/localization/install/localization/share/colcon-core/packages/localization)
[0.479s] DEBUG:colcon.colcon_parallel_executor.executor.parallel:closing loop
[0.479s] DEBUG:colcon.colcon_parallel_executor.executor.parallel:loop closed
[0.479s] DEBUG:colcon.colcon_parallel_executor.executor.parallel:run_until_complete finished with '0'
[0.479s] DEBUG:colcon.colcon_core.event_reactor:joining thread
[0.487s] INFO:colcon.colcon_core.plugin_system:Skipping extension 'colcon_notification.desktop_notification.terminal_notifier': Not used on non-Darwin systems
[0.487s] INFO:colcon.colcon_core.plugin_system:Skipping extension 'colcon_notification.desktop_notification.win32': Not used on non-Windows systems
[0.487s] INFO:colcon.colcon_notification.desktop_notification:Sending desktop notification using 'notify2'
[0.498s] DEBUG:colcon.colcon_core.event_reactor:joined thread
[0.499s] INFO:colcon.colcon_core.shell:Creating prefix script '/home/henry/training_ws/src/software-training/localization/install/local_setup.ps1'
[0.500s] INFO:colcon.colcon_core.shell:Creating prefix util module '/home/henry/training_ws/src/software-training/localization/install/_local_setup_util_ps1.py'
[0.501s] INFO:colcon.colcon_core.shell:Creating prefix chain script '/home/henry/training_ws/src/software-training/localization/install/setup.ps1'
[0.503s] INFO:colcon.colcon_core.shell:Creating prefix script '/home/henry/training_ws/src/software-training/localization/install/local_setup.sh'
[0.504s] INFO:colcon.colcon_core.shell:Creating prefix util module '/home/henry/training_ws/src/software-training/localization/install/_local_setup_util_sh.py'
[0.504s] INFO:colcon.colcon_core.shell:Creating prefix chain script '/home/henry/training_ws/src/software-training/localization/install/setup.sh'
[0.506s] INFO:colcon.colcon_core.shell:Creating prefix script '/home/henry/training_ws/src/software-training/localization/install/local_setup.bash'
[0.507s] INFO:colcon.colcon_core.shell:Creating prefix chain script '/home/henry/training_ws/src/software-training/localization/install/setup.bash'
[0.509s] INFO:colcon.colcon_core.shell:Creating prefix script '/home/henry/training_ws/src/software-training/localization/install/local_setup.zsh'
[0.509s] INFO:colcon.colcon_core.shell:Creating prefix chain script '/home/henry/training_ws/src/software-training/localization/install/setup.zsh'
